  [1m[36m (8.5ms)[0m  [1mCREATE TABLE "schema_migrations" ("version" character varying NOT NULL) [0m
  [1m[35m (2.4ms)[0m  CREATE UNIQUE INDEX  "unique_schema_migrations" ON "schema_migrations"  ("version")
  [1m[36mActiveRecord::SchemaMigration Load (0.3ms)[0m  [1mSELECT "schema_migrations".* FROM "schema_migrations"[0m
Migrating to CreateCustomers (20170903045830)
  [1m[35m (0.2ms)[0m  BEGIN
  [1m[36m (3.6ms)[0m  [1mCREATE TABLE "customers" ("id" serial primary key, "name" character varying NOT NULL, "phone_number" character varying, "created_at" timestamp NOT NULL, "updated_at" timestamp NOT NULL) [0m
  [1m[35mSQL (0.4ms)[0m  INSERT INTO "schema_migrations" ("version") VALUES ($1)  [["version", "20170903045830"]]
  [1m[36m (6.7ms)[0m  [1mCOMMIT[0m
Migrating to CreateTables (20170903045925)
  [1m[35m (6.3ms)[0m  BEGIN
  [1m[36m (9.2ms)[0m  [1mCREATE TABLE "tables" ("id" serial primary key, "number" integer NOT NULL, "num_of_seats" integer, "created_at" timestamp NOT NULL, "updated_at" timestamp NOT NULL) [0m
  [1m[35mSQL (0.2ms)[0m  INSERT INTO "schema_migrations" ("version") VALUES ($1)  [["version", "20170903045925"]]
  [1m[36m (0.5ms)[0m  [1mCOMMIT[0m
Migrating to CreateReservations (20170903050040)
  [1m[35m (0.4ms)[0m  BEGIN
  [1m[36m (3.2ms)[0m  [1mCREATE TABLE "reservations" ("id" serial primary key, "customer_id" integer NOT NULL, "table_id" integer NOT NULL, "num_of_seats_reserved" integer, "reservation_time" timestamp NOT NULL, "created_at" timestamp NOT NULL, "updated_at" timestamp NOT NULL) [0m
  [1m[35m (1.7ms)[0m  CREATE  INDEX  "index_reservations_on_customer_id" ON "reservations"  ("customer_id")
  [1m[36m (1.3ms)[0m  [1mCREATE  INDEX  "index_reservations_on_table_id" ON "reservations"  ("table_id")[0m
  [1m[35mSQL (0.4ms)[0m  INSERT INTO "schema_migrations" ("version") VALUES ($1)  [["version", "20170903050040"]]
  [1m[36m (0.6ms)[0m  [1mCOMMIT[0m
  [1m[35mActiveRecord::SchemaMigration Load (0.4ms)[0m  SELECT "schema_migrations".* FROM "schema_migrations"
  [1m[36m (4.4ms)[0m  [1mSELECT t2.oid::regclass::text AS to_table, a1.attname AS column, a2.attname AS primary_key, c.conname AS name, c.confupdtype AS on_update, c.confdeltype AS on_delete
FROM pg_constraint c
JOIN pg_class t1 ON c.conrelid = t1.oid
JOIN pg_class t2 ON c.confrelid = t2.oid
JOIN pg_attribute a1 ON a1.attnum = c.conkey[1] AND a1.attrelid = t1.oid
JOIN pg_attribute a2 ON a2.attnum = c.confkey[1] AND a2.attrelid = t2.oid
JOIN pg_namespace t3 ON c.connamespace = t3.oid
WHERE c.contype = 'f'
  AND t1.relname = 'customers'
  AND t3.nspname = ANY (current_schemas(false))
ORDER BY c.conname
[0m
  [1m[35m (3.8ms)[0m  SELECT t2.oid::regclass::text AS to_table, a1.attname AS column, a2.attname AS primary_key, c.conname AS name, c.confupdtype AS on_update, c.confdeltype AS on_delete
FROM pg_constraint c
JOIN pg_class t1 ON c.conrelid = t1.oid
JOIN pg_class t2 ON c.confrelid = t2.oid
JOIN pg_attribute a1 ON a1.attnum = c.conkey[1] AND a1.attrelid = t1.oid
JOIN pg_attribute a2 ON a2.attnum = c.confkey[1] AND a2.attrelid = t2.oid
JOIN pg_namespace t3 ON c.connamespace = t3.oid
WHERE c.contype = 'f'
  AND t1.relname = 'reservations'
  AND t3.nspname = ANY (current_schemas(false))
ORDER BY c.conname

  [1m[36m (2.1ms)[0m  [1mSELECT t2.oid::regclass::text AS to_table, a1.attname AS column, a2.attname AS primary_key, c.conname AS name, c.confupdtype AS on_update, c.confdeltype AS on_delete
FROM pg_constraint c
JOIN pg_class t1 ON c.conrelid = t1.oid
JOIN pg_class t2 ON c.confrelid = t2.oid
JOIN pg_attribute a1 ON a1.attnum = c.conkey[1] AND a1.attrelid = t1.oid
JOIN pg_attribute a2 ON a2.attnum = c.confkey[1] AND a2.attrelid = t2.oid
JOIN pg_namespace t3 ON c.connamespace = t3.oid
WHERE c.contype = 'f'
  AND t1.relname = 'tables'
  AND t3.nspname = ANY (current_schemas(false))
ORDER BY c.conname
[0m
  [1m[36mActiveRecord::SchemaMigration Load (0.4ms)[0m  [1mSELECT "schema_migrations".* FROM "schema_migrations"[0m
  [1m[36m (0.2ms)[0m  [1mBEGIN[0m
  [1m[35mSQL (19.9ms)[0m  INSERT INTO "customers" ("name", "phone_number", "created_at", "updated_at") VALUES ($1, $2, $3, $4) RETURNING "id"  [["name", "Greg"], ["phone_number", "1234567890"], ["created_at", "2017-09-03 18:04:44.435326"], ["updated_at", "2017-09-03 18:04:44.435326"]]
  [1m[36m (2.5ms)[0m  [1mCOMMIT[0m
  [1m[35m (0.2ms)[0m  BEGIN
  [1m[36mSQL (10.6ms)[0m  [1mINSERT INTO "tables" ("number", "num_of_seats", "created_at", "updated_at") VALUES ($1, $2, $3, $4) RETURNING "id"[0m  [["number", 1], ["num_of_seats", 4], ["created_at", "2017-09-03 18:05:01.820001"], ["updated_at", "2017-09-03 18:05:01.820001"]]
  [1m[35m (0.6ms)[0m  COMMIT
  [1m[36mTable Load (8.9ms)[0m  [1mSELECT "tables".* FROM "tables"[0m
  [1m[35mCustomer Load (0.6ms)[0m  SELECT "customers".* FROM "customers"
  [1m[36m (12.4ms)[0m  [1mCREATE TABLE "schema_migrations" ("version" character varying NOT NULL) [0m
  [1m[35m (2.0ms)[0m  CREATE UNIQUE INDEX  "unique_schema_migrations" ON "schema_migrations"  ("version")
  [1m[36mActiveRecord::SchemaMigration Load (0.7ms)[0m  [1mSELECT "schema_migrations".* FROM "schema_migrations"[0m
Migrating to CreateCustomers (20170903045830)
  [1m[35m (0.2ms)[0m  BEGIN
  [1m[36m (23.7ms)[0m  [1mCREATE TABLE "customers" ("id" serial primary key, "name" character varying NOT NULL, "phone_number" character varying, "created_at" timestamp NOT NULL, "updated_at" timestamp NOT NULL) [0m
  [1m[35mSQL (0.5ms)[0m  INSERT INTO "schema_migrations" ("version") VALUES ($1)  [["version", "20170903045830"]]
  [1m[36m (0.5ms)[0m  [1mCOMMIT[0m
Migrating to CreateTables (20170903045925)
  [1m[35m (6.2ms)[0m  BEGIN
  [1m[36m (9.6ms)[0m  [1mCREATE TABLE "tables" ("id" serial primary key, "number" integer NOT NULL, "num_of_seats" integer, "created_at" timestamp NOT NULL, "updated_at" timestamp NOT NULL) [0m
  [1m[35mSQL (0.6ms)[0m  INSERT INTO "schema_migrations" ("version") VALUES ($1)  [["version", "20170903045925"]]
  [1m[36m (4.9ms)[0m  [1mCOMMIT[0m
Migrating to CreateReservations (20170903050040)
  [1m[35m (0.4ms)[0m  BEGIN
  [1m[36m (3.2ms)[0m  [1mCREATE TABLE "reservations" ("id" serial primary key, "customer_id" integer NOT NULL, "table_id" integer NOT NULL, "num_of_seats_reserved" integer, "reservation_time" timestamp NOT NULL, "created_at" timestamp NOT NULL, "updated_at" timestamp NOT NULL) [0m
  [1m[35m (1.2ms)[0m  CREATE  INDEX  "index_reservations_on_customer_id" ON "reservations"  ("customer_id")
  [1m[36m (0.9ms)[0m  [1mCREATE  INDEX  "index_reservations_on_table_id" ON "reservations"  ("table_id")[0m
  [1m[35mSQL (0.2ms)[0m  INSERT INTO "schema_migrations" ("version") VALUES ($1)  [["version", "20170903050040"]]
  [1m[36m (0.5ms)[0m  [1mCOMMIT[0m
  [1m[35mActiveRecord::SchemaMigration Load (0.3ms)[0m  SELECT "schema_migrations".* FROM "schema_migrations"
  [1m[36m (5.6ms)[0m  [1mSELECT t2.oid::regclass::text AS to_table, a1.attname AS column, a2.attname AS primary_key, c.conname AS name, c.confupdtype AS on_update, c.confdeltype AS on_delete
FROM pg_constraint c
JOIN pg_class t1 ON c.conrelid = t1.oid
JOIN pg_class t2 ON c.confrelid = t2.oid
JOIN pg_attribute a1 ON a1.attnum = c.conkey[1] AND a1.attrelid = t1.oid
JOIN pg_attribute a2 ON a2.attnum = c.confkey[1] AND a2.attrelid = t2.oid
JOIN pg_namespace t3 ON c.connamespace = t3.oid
WHERE c.contype = 'f'
  AND t1.relname = 'customers'
  AND t3.nspname = ANY (current_schemas(false))
ORDER BY c.conname
[0m
  [1m[35m (2.7ms)[0m  SELECT t2.oid::regclass::text AS to_table, a1.attname AS column, a2.attname AS primary_key, c.conname AS name, c.confupdtype AS on_update, c.confdeltype AS on_delete
FROM pg_constraint c
JOIN pg_class t1 ON c.conrelid = t1.oid
JOIN pg_class t2 ON c.confrelid = t2.oid
JOIN pg_attribute a1 ON a1.attnum = c.conkey[1] AND a1.attrelid = t1.oid
JOIN pg_attribute a2 ON a2.attnum = c.confkey[1] AND a2.attrelid = t2.oid
JOIN pg_namespace t3 ON c.connamespace = t3.oid
WHERE c.contype = 'f'
  AND t1.relname = 'reservations'
  AND t3.nspname = ANY (current_schemas(false))
ORDER BY c.conname

  [1m[36m (2.4ms)[0m  [1mSELECT t2.oid::regclass::text AS to_table, a1.attname AS column, a2.attname AS primary_key, c.conname AS name, c.confupdtype AS on_update, c.confdeltype AS on_delete
FROM pg_constraint c
JOIN pg_class t1 ON c.conrelid = t1.oid
JOIN pg_class t2 ON c.confrelid = t2.oid
JOIN pg_attribute a1 ON a1.attnum = c.conkey[1] AND a1.attrelid = t1.oid
JOIN pg_attribute a2 ON a2.attnum = c.confkey[1] AND a2.attrelid = t2.oid
JOIN pg_namespace t3 ON c.connamespace = t3.oid
WHERE c.contype = 'f'
  AND t1.relname = 'tables'
  AND t3.nspname = ANY (current_schemas(false))
ORDER BY c.conname
[0m
  [1m[36mActiveRecord::SchemaMigration Load (0.4ms)[0m  [1mSELECT "schema_migrations".* FROM "schema_migrations"[0m
  [1m[36m (0.1ms)[0m  [1mBEGIN[0m
  [1m[35mSQL (0.6ms)[0m  INSERT INTO "tables" ("number", "num_of_seats", "created_at", "updated_at") VALUES ($1, $2, $3, $4) RETURNING "id"  [["number", 1], ["num_of_seats", 4], ["created_at", "2017-09-03 18:26:32.570596"], ["updated_at", "2017-09-03 18:26:32.570596"]]
  [1m[36m (8.6ms)[0m  [1mCOMMIT[0m
  [1m[35m (0.2ms)[0m  BEGIN
  [1m[36mSQL (0.5ms)[0m  [1mINSERT INTO "customers" ("name", "phone_number", "created_at", "updated_at") VALUES ($1, $2, $3, $4) RETURNING "id"[0m  [["name", "Greg"], ["phone_number", "1234567890"], ["created_at", "2017-09-03 18:26:49.430639"], ["updated_at", "2017-09-03 18:26:49.430639"]]
  [1m[35m (7.9ms)[0m  COMMIT


Started GET "/" for 127.0.0.1 at 2017-09-03 14:14:58 -0500
  [1m[36mActiveRecord::SchemaMigration Load (0.4ms)[0m  [1mSELECT "schema_migrations".* FROM "schema_migrations"[0m

ActionController::RoutingError (uninitialized constant ReservationController):
  activesupport (4.2.0) lib/active_support/inflector/methods.rb:261:in `const_get'
  activesupport (4.2.0) lib/active_support/inflector/methods.rb:261:in `block in constantize'
  activesupport (4.2.0) lib/active_support/inflector/methods.rb:259:in `each'
  activesupport (4.2.0) lib/active_support/inflector/methods.rb:259:in `inject'
  activesupport (4.2.0) lib/active_support/inflector/methods.rb:259:in `constantize'
  actionpack (4.2.0) lib/action_dispatch/routing/route_set.rb:69:in `controller_reference'
  actionpack (4.2.0) lib/action_dispatch/routing/route_set.rb:59:in `controller'
  actionpack (4.2.0) lib/action_dispatch/routing/route_set.rb:38:in `serve'
  actionpack (4.2.0) lib/action_dispatch/journey/router.rb:43:in `block in serve'
  actionpack (4.2.0) lib/action_dispatch/journey/router.rb:30:in `each'
  actionpack (4.2.0) lib/action_dispatch/journey/router.rb:30:in `serve'
  actionpack (4.2.0) lib/action_dispatch/routing/route_set.rb:802:in `call'
  rack (1.6.8) lib/rack/etag.rb:24:in `call'
  rack (1.6.8) lib/rack/conditionalget.rb:25:in `call'
  rack (1.6.8) lib/rack/head.rb:13:in `call'
  actionpack (4.2.0) lib/action_dispatch/middleware/params_parser.rb:27:in `call'
  actionpack (4.2.0) lib/action_dispatch/middleware/flash.rb:260:in `call'
  rack (1.6.8) lib/rack/session/abstract/id.rb:225:in `context'
  rack (1.6.8) lib/rack/session/abstract/id.rb:220:in `call'
  actionpack (4.2.0) lib/action_dispatch/middleware/cookies.rb:560:in `call'
  activerecord (4.2.0) lib/active_record/query_cache.rb:36:in `call'
  activerecord (4.2.0) lib/active_record/connection_adapters/abstract/connection_pool.rb:647:in `call'
  activerecord (4.2.0) lib/active_record/migration.rb:378:in `call'
  actionpack (4.2.0) lib/action_dispatch/middleware/callbacks.rb:29:in `block in call'
  activesupport (4.2.0) lib/active_support/callbacks.rb:88:in `call'
  activesupport (4.2.0) lib/active_support/callbacks.rb:88:in `_run_callbacks'
  activesupport (4.2.0) lib/active_support/callbacks.rb:734:in `_run_call_callbacks'
  activesupport (4.2.0) lib/active_support/callbacks.rb:81:in `run_callbacks'
  actionpack (4.2.0) lib/action_dispatch/middleware/callbacks.rb:27:in `call'
  actionpack (4.2.0) lib/action_dispatch/middleware/reloader.rb:73:in `call'
  actionpack (4.2.0) lib/action_dispatch/middleware/remote_ip.rb:78:in `call'
  actionpack (4.2.0) lib/action_dispatch/middleware/debug_exceptions.rb:17:in `call'
  web-console (2.3.0) lib/web_console/middleware.rb:28:in `block in call'
  web-console (2.3.0) lib/web_console/middleware.rb:18:in `catch'
  web-console (2.3.0) lib/web_console/middleware.rb:18:in `call'
  actionpack (4.2.0) lib/action_dispatch/middleware/show_exceptions.rb:30:in `call'
  railties (4.2.0) lib/rails/rack/logger.rb:38:in `call_app'
  railties (4.2.0) lib/rails/rack/logger.rb:20:in `block in call'
  activesupport (4.2.0) lib/active_support/tagged_logging.rb:68:in `block in tagged'
  activesupport (4.2.0) lib/active_support/tagged_logging.rb:26:in `tagged'
  activesupport (4.2.0) lib/active_support/tagged_logging.rb:68:in `tagged'
  railties (4.2.0) lib/rails/rack/logger.rb:20:in `call'
  actionpack (4.2.0) lib/action_dispatch/middleware/request_id.rb:21:in `call'
  rack (1.6.8) lib/rack/methodoverride.rb:22:in `call'
  rack (1.6.8) lib/rack/runtime.rb:18:in `call'
  activesupport (4.2.0) lib/active_support/cache/strategy/local_cache_middleware.rb:28:in `call'
  rack (1.6.8) lib/rack/lock.rb:17:in `call'
  actionpack (4.2.0) lib/action_dispatch/middleware/static.rb:113:in `call'
  rack (1.6.8) lib/rack/sendfile.rb:113:in `call'
  railties (4.2.0) lib/rails/engine.rb:518:in `call'
  railties (4.2.0) lib/rails/application.rb:164:in `call'
  rack (1.6.8) lib/rack/lock.rb:17:in `call'
  rack (1.6.8) lib/rack/content_length.rb:15:in `call'
  rack (1.6.8) lib/rack/handler/webrick.rb:88:in `service'
  /Users/Greg/.rbenv/versions/2.2.5/lib/ruby/2.2.0/webrick/httpserver.rb:138:in `service'
  /Users/Greg/.rbenv/versions/2.2.5/lib/ruby/2.2.0/webrick/httpserver.rb:94:in `run'
  /Users/Greg/.rbenv/versions/2.2.5/lib/ruby/2.2.0/webrick/server.rb:294:in `block in start_thread'


  Rendered /Users/Greg/.rbenv/versions/2.2.5/lib/ruby/gems/2.2.0/gems/actionpack-4.2.0/lib/action_dispatch/middleware/templates/rescues/_trace.html.erb (2.2ms)
  Rendered /Users/Greg/.rbenv/versions/2.2.5/lib/ruby/gems/2.2.0/gems/actionpack-4.2.0/lib/action_dispatch/middleware/templates/routes/_route.html.erb (1.5ms)
  Rendered /Users/Greg/.rbenv/versions/2.2.5/lib/ruby/gems/2.2.0/gems/actionpack-4.2.0/lib/action_dispatch/middleware/templates/routes/_table.html.erb (10.6ms)
  Rendered /Users/Greg/.rbenv/versions/2.2.5/lib/ruby/gems/2.2.0/gems/actionpack-4.2.0/lib/action_dispatch/middleware/templates/rescues/_request_and_response.html.erb (17.2ms)
  Rendered /Users/Greg/.rbenv/versions/2.2.5/lib/ruby/gems/2.2.0/gems/actionpack-4.2.0/lib/action_dispatch/middleware/templates/rescues/routing_error.html.erb within rescues/layout (129.7ms)
  Rendered /Users/Greg/.rbenv/versions/2.2.5/lib/ruby/gems/2.2.0/gems/web-console-2.3.0/lib/web_console/templates/_markup.html.erb (0.9ms)
  Rendered /Users/Greg/.rbenv/versions/2.2.5/lib/ruby/gems/2.2.0/gems/web-console-2.3.0/lib/web_console/templates/_inner_console_markup.html.erb within layouts/inlined_string (0.5ms)
  Rendered /Users/Greg/.rbenv/versions/2.2.5/lib/ruby/gems/2.2.0/gems/web-console-2.3.0/lib/web_console/templates/_prompt_box_markup.html.erb within layouts/inlined_string (0.4ms)
  Rendered /Users/Greg/.rbenv/versions/2.2.5/lib/ruby/gems/2.2.0/gems/web-console-2.3.0/lib/web_console/templates/style.css.erb within layouts/inlined_string (0.5ms)
  Rendered /Users/Greg/.rbenv/versions/2.2.5/lib/ruby/gems/2.2.0/gems/web-console-2.3.0/lib/web_console/templates/console.js.erb within layouts/javascript (72.5ms)
  Rendered /Users/Greg/.rbenv/versions/2.2.5/lib/ruby/gems/2.2.0/gems/web-console-2.3.0/lib/web_console/templates/main.js.erb within layouts/javascript (0.6ms)
  Rendered /Users/Greg/.rbenv/versions/2.2.5/lib/ruby/gems/2.2.0/gems/web-console-2.3.0/lib/web_console/templates/error_page.js.erb within layouts/javascript (0.8ms)
  Rendered /Users/Greg/.rbenv/versions/2.2.5/lib/ruby/gems/2.2.0/gems/web-console-2.3.0/lib/web_console/templates/index.html.erb (169.4ms)


Started GET "/" for 127.0.0.1 at 2017-09-03 14:15:21 -0500
Processing by ReservationsController#index as HTML
  Rendered reservations/index.html.erb within layouts/application (0.4ms)
Completed 500 Internal Server Error in 312ms

ActionView::Template::Error (couldn't find file 'turbolinks' with type 'application/javascript'
Checked in these paths: 
  /Users/Greg/Code/coding-challenges/digital-factory/Restaurant-Reservations/app/assets/images
  /Users/Greg/Code/coding-challenges/digital-factory/Restaurant-Reservations/app/assets/javascripts
  /Users/Greg/Code/coding-challenges/digital-factory/Restaurant-Reservations/app/assets/stylesheets
  /Users/Greg/Code/coding-challenges/digital-factory/Restaurant-Reservations/vendor/assets/javascripts
  /Users/Greg/Code/coding-challenges/digital-factory/Restaurant-Reservations/vendor/assets/stylesheets
  /Users/Greg/.rbenv/versions/2.2.5/lib/ruby/gems/2.2.0/gems/jquery-rails-4.3.1/vendor/assets/javascripts):
    2: <html>
    3: <head>
    4:   <title>RestaurantReservations</title>
    5:   <%= stylesheet_link_tag    'application', media: 'all', 'data-turbolinks-track' => true %>
    6:   <%= javascript_include_tag 'application', 'data-turbolinks-track' => true %>
    7:   <%= csrf_meta_tags %>
    8: </head>
  app/assets/javascripts/application.js:15
  app/views/layouts/application.html.erb:5:in `_app_views_layouts_application_html_erb__33087668372156754_70306845997720'


  Rendered /Users/Greg/.rbenv/versions/2.2.5/lib/ruby/gems/2.2.0/gems/actionpack-4.2.0/lib/action_dispatch/middleware/templates/rescues/_source.erb (9.3ms)
  Rendered /Users/Greg/.rbenv/versions/2.2.5/lib/ruby/gems/2.2.0/gems/actionpack-4.2.0/lib/action_dispatch/middleware/templates/rescues/_trace.html.erb (3.6ms)
  Rendered /Users/Greg/.rbenv/versions/2.2.5/lib/ruby/gems/2.2.0/gems/actionpack-4.2.0/lib/action_dispatch/middleware/templates/rescues/_request_and_response.html.erb (2.0ms)
  Rendered /Users/Greg/.rbenv/versions/2.2.5/lib/ruby/gems/2.2.0/gems/actionpack-4.2.0/lib/action_dispatch/middleware/templates/rescues/template_error.html.erb within rescues/layout (85.1ms)
  Rendered /Users/Greg/.rbenv/versions/2.2.5/lib/ruby/gems/2.2.0/gems/web-console-2.3.0/lib/web_console/templates/_markup.html.erb (0.5ms)
  Rendered /Users/Greg/.rbenv/versions/2.2.5/lib/ruby/gems/2.2.0/gems/web-console-2.3.0/lib/web_console/templates/_inner_console_markup.html.erb within layouts/inlined_string (0.3ms)
  Rendered /Users/Greg/.rbenv/versions/2.2.5/lib/ruby/gems/2.2.0/gems/web-console-2.3.0/lib/web_console/templates/_prompt_box_markup.html.erb within layouts/inlined_string (0.4ms)
  Rendered /Users/Greg/.rbenv/versions/2.2.5/lib/ruby/gems/2.2.0/gems/web-console-2.3.0/lib/web_console/templates/style.css.erb within layouts/inlined_string (0.5ms)
  Rendered /Users/Greg/.rbenv/versions/2.2.5/lib/ruby/gems/2.2.0/gems/web-console-2.3.0/lib/web_console/templates/console.js.erb within layouts/javascript (63.3ms)
  Rendered /Users/Greg/.rbenv/versions/2.2.5/lib/ruby/gems/2.2.0/gems/web-console-2.3.0/lib/web_console/templates/main.js.erb within layouts/javascript (0.5ms)
  Rendered /Users/Greg/.rbenv/versions/2.2.5/lib/ruby/gems/2.2.0/gems/web-console-2.3.0/lib/web_console/templates/error_page.js.erb within layouts/javascript (0.6ms)
  Rendered /Users/Greg/.rbenv/versions/2.2.5/lib/ruby/gems/2.2.0/gems/web-console-2.3.0/lib/web_console/templates/index.html.erb (147.0ms)


Started GET "/" for 127.0.0.1 at 2017-09-03 14:16:27 -0500
Processing by ReservationsController#index as HTML
  Rendered reservations/index.html.erb within layouts/application (0.1ms)
Completed 500 Internal Server Error in 13ms

ActionView::Template::Error (couldn't find file 'turbolinks' with type 'application/javascript'
Checked in these paths: 
  /Users/Greg/Code/coding-challenges/digital-factory/Restaurant-Reservations/app/assets/images
  /Users/Greg/Code/coding-challenges/digital-factory/Restaurant-Reservations/app/assets/javascripts
  /Users/Greg/Code/coding-challenges/digital-factory/Restaurant-Reservations/app/assets/stylesheets
  /Users/Greg/Code/coding-challenges/digital-factory/Restaurant-Reservations/vendor/assets/javascripts
  /Users/Greg/Code/coding-challenges/digital-factory/Restaurant-Reservations/vendor/assets/stylesheets
  /Users/Greg/.rbenv/versions/2.2.5/lib/ruby/gems/2.2.0/gems/jquery-rails-4.3.1/vendor/assets/javascripts):
    2: <html>
    3: <head>
    4:   <title>RestaurantReservations</title>
    5:   <%= stylesheet_link_tag    'application', media: 'all' %>
    6:   <%= javascript_include_tag 'application' %>
    7:   <%= csrf_meta_tags %>
    8: </head>
  app/assets/javascripts/application.js:15
  app/views/layouts/application.html.erb:5:in `_app_views_layouts_application_html_erb__33087668372156754_70306855698100'


  Rendered /Users/Greg/.rbenv/versions/2.2.5/lib/ruby/gems/2.2.0/gems/actionpack-4.2.0/lib/action_dispatch/middleware/templates/rescues/_source.erb (9.9ms)
  Rendered /Users/Greg/.rbenv/versions/2.2.5/lib/ruby/gems/2.2.0/gems/actionpack-4.2.0/lib/action_dispatch/middleware/templates/rescues/_trace.html.erb (3.6ms)
  Rendered /Users/Greg/.rbenv/versions/2.2.5/lib/ruby/gems/2.2.0/gems/actionpack-4.2.0/lib/action_dispatch/middleware/templates/rescues/_request_and_response.html.erb (1.1ms)
  Rendered /Users/Greg/.rbenv/versions/2.2.5/lib/ruby/gems/2.2.0/gems/actionpack-4.2.0/lib/action_dispatch/middleware/templates/rescues/template_error.html.erb within rescues/layout (79.2ms)
  Rendered /Users/Greg/.rbenv/versions/2.2.5/lib/ruby/gems/2.2.0/gems/web-console-2.3.0/lib/web_console/templates/_markup.html.erb (0.4ms)
  Rendered /Users/Greg/.rbenv/versions/2.2.5/lib/ruby/gems/2.2.0/gems/web-console-2.3.0/lib/web_console/templates/_inner_console_markup.html.erb within layouts/inlined_string (0.4ms)
  Rendered /Users/Greg/.rbenv/versions/2.2.5/lib/ruby/gems/2.2.0/gems/web-console-2.3.0/lib/web_console/templates/_prompt_box_markup.html.erb within layouts/inlined_string (0.4ms)
  Rendered /Users/Greg/.rbenv/versions/2.2.5/lib/ruby/gems/2.2.0/gems/web-console-2.3.0/lib/web_console/templates/style.css.erb within layouts/inlined_string (0.5ms)
  Rendered /Users/Greg/.rbenv/versions/2.2.5/lib/ruby/gems/2.2.0/gems/web-console-2.3.0/lib/web_console/templates/console.js.erb within layouts/javascript (66.9ms)
  Rendered /Users/Greg/.rbenv/versions/2.2.5/lib/ruby/gems/2.2.0/gems/web-console-2.3.0/lib/web_console/templates/main.js.erb within layouts/javascript (0.3ms)
  Rendered /Users/Greg/.rbenv/versions/2.2.5/lib/ruby/gems/2.2.0/gems/web-console-2.3.0/lib/web_console/templates/error_page.js.erb within layouts/javascript (0.4ms)
  Rendered /Users/Greg/.rbenv/versions/2.2.5/lib/ruby/gems/2.2.0/gems/web-console-2.3.0/lib/web_console/templates/index.html.erb (146.3ms)


Started GET "/" for 127.0.0.1 at 2017-09-03 14:16:30 -0500
Processing by ReservationsController#index as HTML
  Rendered reservations/index.html.erb within layouts/application (0.1ms)
Completed 500 Internal Server Error in 11ms

ActionView::Template::Error (couldn't find file 'turbolinks' with type 'application/javascript'
Checked in these paths: 
  /Users/Greg/Code/coding-challenges/digital-factory/Restaurant-Reservations/app/assets/images
  /Users/Greg/Code/coding-challenges/digital-factory/Restaurant-Reservations/app/assets/javascripts
  /Users/Greg/Code/coding-challenges/digital-factory/Restaurant-Reservations/app/assets/stylesheets
  /Users/Greg/Code/coding-challenges/digital-factory/Restaurant-Reservations/vendor/assets/javascripts
  /Users/Greg/Code/coding-challenges/digital-factory/Restaurant-Reservations/vendor/assets/stylesheets
  /Users/Greg/.rbenv/versions/2.2.5/lib/ruby/gems/2.2.0/gems/jquery-rails-4.3.1/vendor/assets/javascripts):
    2: <html>
    3: <head>
    4:   <title>RestaurantReservations</title>
    5:   <%= stylesheet_link_tag    'application', media: 'all' %>
    6:   <%= javascript_include_tag 'application' %>
    7:   <%= csrf_meta_tags %>
    8: </head>
  app/assets/javascripts/application.js:15
  app/views/layouts/application.html.erb:5:in `_app_views_layouts_application_html_erb__33087668372156754_70306855698100'


  Rendered /Users/Greg/.rbenv/versions/2.2.5/lib/ruby/gems/2.2.0/gems/actionpack-4.2.0/lib/action_dispatch/middleware/templates/rescues/_source.erb (11.9ms)
  Rendered /Users/Greg/.rbenv/versions/2.2.5/lib/ruby/gems/2.2.0/gems/actionpack-4.2.0/lib/action_dispatch/middleware/templates/rescues/_trace.html.erb (4.4ms)
  Rendered /Users/Greg/.rbenv/versions/2.2.5/lib/ruby/gems/2.2.0/gems/actionpack-4.2.0/lib/action_dispatch/middleware/templates/rescues/_request_and_response.html.erb (1.7ms)
  Rendered /Users/Greg/.rbenv/versions/2.2.5/lib/ruby/gems/2.2.0/gems/actionpack-4.2.0/lib/action_dispatch/middleware/templates/rescues/template_error.html.erb within rescues/layout (81.9ms)
  Rendered /Users/Greg/.rbenv/versions/2.2.5/lib/ruby/gems/2.2.0/gems/web-console-2.3.0/lib/web_console/templates/_markup.html.erb (0.7ms)
  Rendered /Users/Greg/.rbenv/versions/2.2.5/lib/ruby/gems/2.2.0/gems/web-console-2.3.0/lib/web_console/templates/_inner_console_markup.html.erb within layouts/inlined_string (0.6ms)
  Rendered /Users/Greg/.rbenv/versions/2.2.5/lib/ruby/gems/2.2.0/gems/web-console-2.3.0/lib/web_console/templates/_prompt_box_markup.html.erb within layouts/inlined_string (0.5ms)
  Rendered /Users/Greg/.rbenv/versions/2.2.5/lib/ruby/gems/2.2.0/gems/web-console-2.3.0/lib/web_console/templates/style.css.erb within layouts/inlined_string (0.6ms)
  Rendered /Users/Greg/.rbenv/versions/2.2.5/lib/ruby/gems/2.2.0/gems/web-console-2.3.0/lib/web_console/templates/console.js.erb within layouts/javascript (61.6ms)
  Rendered /Users/Greg/.rbenv/versions/2.2.5/lib/ruby/gems/2.2.0/gems/web-console-2.3.0/lib/web_console/templates/main.js.erb within layouts/javascript (0.3ms)
  Rendered /Users/Greg/.rbenv/versions/2.2.5/lib/ruby/gems/2.2.0/gems/web-console-2.3.0/lib/web_console/templates/error_page.js.erb within layouts/javascript (0.4ms)
  Rendered /Users/Greg/.rbenv/versions/2.2.5/lib/ruby/gems/2.2.0/gems/web-console-2.3.0/lib/web_console/templates/index.html.erb (146.1ms)


Started GET "/" for 127.0.0.1 at 2017-09-03 14:17:03 -0500
Processing by ReservationsController#index as HTML
  Rendered reservations/index.html.erb within layouts/application (0.1ms)
Completed 200 OK in 225ms (Views: 225.2ms | ActiveRecord: 0.0ms)


Started GET "/assets/reservations.self-e3b0c44298fc1c149afbf4c8996fb92427ae41e4649b934ca495991b7852b855.css?body=1" for 127.0.0.1 at 2017-09-03 14:17:03 -0500


Started GET "/assets/application.self-e80e8f2318043e8af94dddc2adad5a4f09739a8ebb323b3ab31cd71d45fd9113.css?body=1" for 127.0.0.1 at 2017-09-03 14:17:03 -0500


Started GET "/assets/jquery_ujs.self-784a997f6726036b1993eb2217c9cb558e1cbb801c6da88105588c56f13b466a.js?body=1" for 127.0.0.1 at 2017-09-03 14:17:03 -0500


Started GET "/assets/jquery.self-bd7ddd393353a8d2480a622e80342adf488fb6006d667e8b42e4c0073393abee.js?body=1" for 127.0.0.1 at 2017-09-03 14:17:03 -0500


Started GET "/assets/reservations.self-19a187bec6cdb96d6de80a61c16c857c613536adf9138476bd367db38d282635.js?body=1" for 127.0.0.1 at 2017-09-03 14:17:03 -0500


Started GET "/assets/application.self-3a3c8b61bda630ee689740ce7cbd0dd8ea6fdd45e2c42eef4661ab38cf268afe.js?body=1" for 127.0.0.1 at 2017-09-03 14:17:03 -0500
  [1m[36mReservation Load (0.8ms)[0m  [1mSELECT "reservations".* FROM "reservations"[0m
  [1m[35mTable Load (0.9ms)[0m  SELECT "tables".* FROM "tables"
  [1m[36mCustomer Load (0.8ms)[0m  [1mSELECT  "customers".* FROM "customers"  ORDER BY "customers"."id" ASC LIMIT 1[0m
  [1m[35mTable Load (0.7ms)[0m  SELECT  "tables".* FROM "tables"  ORDER BY "tables"."id" ASC LIMIT 1
  [1m[36mReservation Load (0.6ms)[0m  [1mSELECT "reservations".* FROM "reservations"[0m
  [1m[35m (0.2ms)[0m  BEGIN
  [1m[36mSQL (0.8ms)[0m  [1mINSERT INTO "reservations" ("customer_id", "table_id", "num_of_seats_reserved", "reservation_time", "created_at", "updated_at") VALUES ($1, $2, $3, $4, $5, $6) RETURNING "id"[0m  [["customer_id", 1], ["table_id", 1], ["num_of_seats_reserved", 3], ["reservation_time", "2017-09-10 12:00:00.000000"], ["created_at", "2017-09-03 19:20:52.085304"], ["updated_at", "2017-09-03 19:20:52.085304"]]
  [1m[35m (5.8ms)[0m  COMMIT


Started GET "/" for 127.0.0.1 at 2017-09-03 14:24:15 -0500
Processing by ReservationsController#index as HTML
  [1m[35mReservation Load (0.6ms)[0m  SELECT "reservations".* FROM "reservations"
  Rendered reservations/index.html.erb within layouts/application (11.3ms)
Completed 200 OK in 76ms (Views: 70.8ms | ActiveRecord: 4.7ms)


Started GET "/assets/application.self-2b00c68320848afe54cf9919a7a76ed257f93bdb6e12dc2160d07a8b1fe5e9f4.js?body=1" for 127.0.0.1 at 2017-09-03 14:24:15 -0500


Started GET "/" for 127.0.0.1 at 2017-09-03 14:24:32 -0500
Processing by ReservationsController#index as HTML
  [1m[36mReservation Load (0.7ms)[0m  [1mSELECT "reservations".* FROM "reservations"[0m
  [1m[35mCustomer Load (0.5ms)[0m  SELECT  "customers".* FROM "customers" WHERE "customers"."id" = $1 LIMIT 1  [["id", 1]]
  Rendered reservations/index.html.erb within layouts/application (38.9ms)
Completed 200 OK in 52ms (Views: 48.5ms | ActiveRecord: 3.3ms)


Started GET "/" for 127.0.0.1 at 2017-09-03 14:24:53 -0500
Processing by ReservationsController#index as HTML
  [1m[36mReservation Load (0.4ms)[0m  [1mSELECT "reservations".* FROM "reservations"[0m
  [1m[35mCustomer Load (0.3ms)[0m  SELECT  "customers".* FROM "customers" WHERE "customers"."id" = $1 LIMIT 1  [["id", 1]]
  [1m[36mTable Load (0.4ms)[0m  [1mSELECT  "tables".* FROM "tables" WHERE "tables"."id" = $1 LIMIT 1[0m  [["id", 1]]
  Rendered reservations/index.html.erb within layouts/application (16.9ms)
Completed 200 OK in 34ms (Views: 31.1ms | ActiveRecord: 2.9ms)


Started GET "/" for 127.0.0.1 at 2017-09-03 14:32:35 -0500
Processing by ReservationsController#index as HTML
  [1m[35mReservation Load (0.4ms)[0m  SELECT "reservations".* FROM "reservations"
  [1m[36mCustomer Load (0.3ms)[0m  [1mSELECT  "customers".* FROM "customers" WHERE "customers"."id" = $1 LIMIT 1[0m  [["id", 1]]
  [1m[35mTable Load (0.3ms)[0m  SELECT  "tables".* FROM "tables" WHERE "tables"."id" = $1 LIMIT 1  [["id", 1]]
  Rendered reservations/index.html.erb within layouts/application (3.8ms)
Completed 200 OK in 22ms (Views: 20.6ms | ActiveRecord: 0.9ms)


Started GET "/" for 127.0.0.1 at 2017-09-03 14:32:49 -0500
Processing by ReservationsController#index as HTML
  [1m[36mReservation Load (0.4ms)[0m  [1mSELECT "reservations".* FROM "reservations"[0m
  [1m[35mCustomer Load (0.3ms)[0m  SELECT  "customers".* FROM "customers" WHERE "customers"."id" = $1 LIMIT 1  [["id", 1]]
  [1m[36mTable Load (0.3ms)[0m  [1mSELECT  "tables".* FROM "tables" WHERE "tables"."id" = $1 LIMIT 1[0m  [["id", 1]]
  Rendered reservations/index.html.erb within layouts/application (4.6ms)
Completed 200 OK in 18ms (Views: 16.6ms | ActiveRecord: 1.0ms)


Started GET "/" for 127.0.0.1 at 2017-09-03 14:32:58 -0500
Processing by ReservationsController#index as HTML
  [1m[35mReservation Load (0.3ms)[0m  SELECT "reservations".* FROM "reservations"
  [1m[36mCustomer Load (0.3ms)[0m  [1mSELECT  "customers".* FROM "customers" WHERE "customers"."id" = $1 LIMIT 1[0m  [["id", 1]]
  [1m[35mTable Load (0.4ms)[0m  SELECT  "tables".* FROM "tables" WHERE "tables"."id" = $1 LIMIT 1  [["id", 1]]
  Rendered reservations/index.html.erb within layouts/application (4.6ms)
Completed 200 OK in 20ms (Views: 18.3ms | ActiveRecord: 1.0ms)


Started GET "/" for 127.0.0.1 at 2017-09-03 14:32:59 -0500
Processing by ReservationsController#index as HTML
  [1m[36mReservation Load (0.4ms)[0m  [1mSELECT "reservations".* FROM "reservations"[0m
  [1m[35mCustomer Load (0.2ms)[0m  SELECT  "customers".* FROM "customers" WHERE "customers"."id" = $1 LIMIT 1  [["id", 1]]
  [1m[36mTable Load (0.2ms)[0m  [1mSELECT  "tables".* FROM "tables" WHERE "tables"."id" = $1 LIMIT 1[0m  [["id", 1]]
  Rendered reservations/index.html.erb within layouts/application (2.9ms)
Completed 200 OK in 19ms (Views: 18.1ms | ActiveRecord: 0.8ms)


Started GET "/" for 127.0.0.1 at 2017-09-03 14:33:03 -0500
Processing by ReservationsController#index as HTML
  [1m[35mReservation Load (0.4ms)[0m  SELECT "reservations".* FROM "reservations"
  [1m[36mCustomer Load (0.2ms)[0m  [1mSELECT  "customers".* FROM "customers" WHERE "customers"."id" = $1 LIMIT 1[0m  [["id", 1]]
  [1m[35mTable Load (0.3ms)[0m  SELECT  "tables".* FROM "tables" WHERE "tables"."id" = $1 LIMIT 1  [["id", 1]]
  Rendered reservations/index.html.erb within layouts/application (4.0ms)
Completed 200 OK in 20ms (Views: 18.7ms | ActiveRecord: 0.8ms)


Started GET "/" for 127.0.0.1 at 2017-09-03 14:33:11 -0500
Processing by ReservationsController#index as HTML
  [1m[36mReservation Load (0.4ms)[0m  [1mSELECT "reservations".* FROM "reservations"[0m
  [1m[35mCustomer Load (0.2ms)[0m  SELECT  "customers".* FROM "customers" WHERE "customers"."id" = $1 LIMIT 1  [["id", 1]]
  [1m[36mTable Load (0.2ms)[0m  [1mSELECT  "tables".* FROM "tables" WHERE "tables"."id" = $1 LIMIT 1[0m  [["id", 1]]
  Rendered reservations/index.html.erb within layouts/application (3.5ms)
Completed 200 OK in 19ms (Views: 17.9ms | ActiveRecord: 0.7ms)


Started GET "/" for 127.0.0.1 at 2017-09-03 14:40:10 -0500
Processing by ReservationsController#index as HTML
  [1m[35mReservation Load (0.3ms)[0m  SELECT "reservations".* FROM "reservations"
  [1m[36mCustomer Load (0.3ms)[0m  [1mSELECT  "customers".* FROM "customers" WHERE "customers"."id" = $1 LIMIT 1[0m  [["id", 1]]
  [1m[35mTable Load (0.2ms)[0m  SELECT  "tables".* FROM "tables" WHERE "tables"."id" = $1 LIMIT 1  [["id", 1]]
  Rendered reservations/index.html.erb within layouts/application (22.4ms)
Completed 200 OK in 41ms (Views: 34.0ms | ActiveRecord: 5.0ms)


Started GET "/" for 127.0.0.1 at 2017-09-03 14:40:11 -0500
Processing by ReservationsController#index as HTML
  [1m[36mReservation Load (0.4ms)[0m  [1mSELECT "reservations".* FROM "reservations"[0m
  [1m[35mCustomer Load (0.3ms)[0m  SELECT  "customers".* FROM "customers" WHERE "customers"."id" = $1 LIMIT 1  [["id", 1]]
  [1m[36mTable Load (0.3ms)[0m  [1mSELECT  "tables".* FROM "tables" WHERE "tables"."id" = $1 LIMIT 1[0m  [["id", 1]]
  Rendered reservations/index.html.erb within layouts/application (4.7ms)
Completed 200 OK in 23ms (Views: 21.4ms | ActiveRecord: 1.0ms)


Started GET "/" for 127.0.0.1 at 2017-09-03 14:40:39 -0500
Processing by ReservationsController#index as HTML
  [1m[35mReservation Load (0.4ms)[0m  SELECT "reservations".* FROM "reservations"
  [1m[36mCustomer Load (0.2ms)[0m  [1mSELECT  "customers".* FROM "customers" WHERE "customers"."id" = $1 LIMIT 1[0m  [["id", 1]]
  [1m[35mTable Load (0.2ms)[0m  SELECT  "tables".* FROM "tables" WHERE "tables"."id" = $1 LIMIT 1  [["id", 1]]
  Rendered reservations/index.html.erb within layouts/application (3.3ms)
Completed 200 OK in 32ms (Views: 30.6ms | ActiveRecord: 0.8ms)


Started GET "/" for 127.0.0.1 at 2017-09-03 14:42:26 -0500
Processing by ReservationsController#index as HTML
  [1m[36mReservation Load (0.5ms)[0m  [1mSELECT "reservations".* FROM "reservations"[0m
  [1m[35mCustomer Load (0.2ms)[0m  SELECT  "customers".* FROM "customers" WHERE "customers"."id" = $1 LIMIT 1  [["id", 1]]
  [1m[36mTable Load (0.3ms)[0m  [1mSELECT  "tables".* FROM "tables" WHERE "tables"."id" = $1 LIMIT 1[0m  [["id", 1]]
  Rendered reservations/index.html.erb within layouts/application (4.4ms)
Completed 200 OK in 19ms (Views: 18.2ms | ActiveRecord: 1.0ms)


Started GET "/" for 127.0.0.1 at 2017-09-03 14:42:44 -0500
Processing by ReservationsController#index as HTML
  [1m[35mReservation Load (0.3ms)[0m  SELECT "reservations".* FROM "reservations"
  [1m[36mCustomer Load (0.2ms)[0m  [1mSELECT  "customers".* FROM "customers" WHERE "customers"."id" = $1 LIMIT 1[0m  [["id", 1]]
  [1m[35mTable Load (0.2ms)[0m  SELECT  "tables".* FROM "tables" WHERE "tables"."id" = $1 LIMIT 1  [["id", 1]]
  Rendered reservations/index.html.erb within layouts/application (3.6ms)
Completed 200 OK in 24ms (Views: 23.0ms | ActiveRecord: 0.6ms)


Started GET "/" for 127.0.0.1 at 2017-09-03 14:43:51 -0500
Processing by ReservationsController#index as HTML
  [1m[36mReservation Load (0.3ms)[0m  [1mSELECT "reservations".* FROM "reservations"[0m
  [1m[35mCustomer Load (0.2ms)[0m  SELECT  "customers".* FROM "customers" WHERE "customers"."id" = $1 LIMIT 1  [["id", 1]]
  [1m[36mTable Load (0.2ms)[0m  [1mSELECT  "tables".* FROM "tables" WHERE "tables"."id" = $1 LIMIT 1[0m  [["id", 1]]
  Rendered reservations/index.html.erb within layouts/application (4.1ms)
Completed 200 OK in 20ms (Views: 19.1ms | ActiveRecord: 0.7ms)


Started GET "/" for 127.0.0.1 at 2017-09-03 14:45:18 -0500
Processing by ReservationsController#index as HTML
  [1m[35mReservation Load (0.5ms)[0m  SELECT "reservations".* FROM "reservations"
  [1m[36mCustomer Load (0.2ms)[0m  [1mSELECT  "customers".* FROM "customers" WHERE "customers"."id" = $1 LIMIT 1[0m  [["id", 1]]
  [1m[35mTable Load (0.2ms)[0m  SELECT  "tables".* FROM "tables" WHERE "tables"."id" = $1 LIMIT 1  [["id", 1]]
  Rendered reservations/index.html.erb within layouts/application (4.3ms)
Completed 200 OK in 18ms (Views: 16.9ms | ActiveRecord: 0.9ms)


Started POST "/reservations/new" for 127.0.0.1 at 2017-09-03 14:45:24 -0500
Processing by ReservationsController#create as HTML
  Parameters: {"firstname"=>"askldjf", "lastname"=>"", "reservationtime"=>""}
Can't verify CSRF token authenticity
Completed 422 Unprocessable Entity in 1ms

ActionController::InvalidAuthenticityToken (ActionController::InvalidAuthenticityToken):
  actionpack (4.2.0) lib/action_controller/metal/request_forgery_protection.rb:181:in `handle_unverified_request'
  actionpack (4.2.0) lib/action_controller/metal/request_forgery_protection.rb:209:in `handle_unverified_request'
  actionpack (4.2.0) lib/action_controller/metal/request_forgery_protection.rb:204:in `verify_authenticity_token'
  activesupport (4.2.0) lib/active_support/callbacks.rb:427:in `block in make_lambda'
  activesupport (4.2.0) lib/active_support/callbacks.rb:163:in `call'
  activesupport (4.2.0) lib/active_support/callbacks.rb:163:in `block in halting'
  activesupport (4.2.0) lib/active_support/callbacks.rb:92:in `call'
  activesupport (4.2.0) lib/active_support/callbacks.rb:92:in `_run_callbacks'
  activesupport (4.2.0) lib/active_support/callbacks.rb:734:in `_run_process_action_callbacks'
  activesupport (4.2.0) lib/active_support/callbacks.rb:81:in `run_callbacks'
  actionpack (4.2.0) lib/abstract_controller/callbacks.rb:19:in `process_action'
  actionpack (4.2.0) lib/action_controller/metal/rescue.rb:29:in `process_action'
  actionpack (4.2.0) lib/action_controller/metal/instrumentation.rb:31:in `block in process_action'
  activesupport (4.2.0) lib/active_support/notifications.rb:164:in `block in instrument'
  activesupport (4.2.0) lib/active_support/notifications/instrumenter.rb:20:in `instrument'
  activesupport (4.2.0) lib/active_support/notifications.rb:164:in `instrument'
  actionpack (4.2.0) lib/action_controller/metal/instrumentation.rb:30:in `process_action'
  actionpack (4.2.0) lib/action_controller/metal/params_wrapper.rb:250:in `process_action'
  activerecord (4.2.0) lib/active_record/railties/controller_runtime.rb:18:in `process_action'
  actionpack (4.2.0) lib/abstract_controller/base.rb:137:in `process'
  actionview (4.2.0) lib/action_view/rendering.rb:30:in `process'
  actionpack (4.2.0) lib/action_controller/metal.rb:195:in `dispatch'
  actionpack (4.2.0) lib/action_controller/metal/rack_delegation.rb:13:in `dispatch'
  actionpack (4.2.0) lib/action_controller/metal.rb:236:in `block in action'
  actionpack (4.2.0) lib/action_dispatch/routing/route_set.rb:73:in `call'
  actionpack (4.2.0) lib/action_dispatch/routing/route_set.rb:73:in `dispatch'
  actionpack (4.2.0) lib/action_dispatch/routing/route_set.rb:42:in `serve'
  actionpack (4.2.0) lib/action_dispatch/journey/router.rb:43:in `block in serve'
  actionpack (4.2.0) lib/action_dispatch/journey/router.rb:30:in `each'
  actionpack (4.2.0) lib/action_dispatch/journey/router.rb:30:in `serve'
  actionpack (4.2.0) lib/action_dispatch/routing/route_set.rb:802:in `call'
  rack (1.6.8) lib/rack/etag.rb:24:in `call'
  rack (1.6.8) lib/rack/conditionalget.rb:38:in `call'
  rack (1.6.8) lib/rack/head.rb:13:in `call'
  actionpack (4.2.0) lib/action_dispatch/middleware/params_parser.rb:27:in `call'
  actionpack (4.2.0) lib/action_dispatch/middleware/flash.rb:260:in `call'
  rack (1.6.8) lib/rack/session/abstract/id.rb:225:in `context'
  rack (1.6.8) lib/rack/session/abstract/id.rb:220:in `call'
  actionpack (4.2.0) lib/action_dispatch/middleware/cookies.rb:560:in `call'
  activerecord (4.2.0) lib/active_record/query_cache.rb:36:in `call'
  activerecord (4.2.0) lib/active_record/connection_adapters/abstract/connection_pool.rb:647:in `call'
  activerecord (4.2.0) lib/active_record/migration.rb:378:in `call'
  actionpack (4.2.0) lib/action_dispatch/middleware/callbacks.rb:29:in `block in call'
  activesupport (4.2.0) lib/active_support/callbacks.rb:88:in `call'
  activesupport (4.2.0) lib/active_support/callbacks.rb:88:in `_run_callbacks'
  activesupport (4.2.0) lib/active_support/callbacks.rb:734:in `_run_call_callbacks'
  activesupport (4.2.0) lib/active_support/callbacks.rb:81:in `run_callbacks'
  actionpack (4.2.0) lib/action_dispatch/middleware/callbacks.rb:27:in `call'
  actionpack (4.2.0) lib/action_dispatch/middleware/reloader.rb:73:in `call'
  actionpack (4.2.0) lib/action_dispatch/middleware/remote_ip.rb:78:in `call'
  actionpack (4.2.0) lib/action_dispatch/middleware/debug_exceptions.rb:17:in `call'
  web-console (2.3.0) lib/web_console/middleware.rb:28:in `block in call'
  web-console (2.3.0) lib/web_console/middleware.rb:18:in `catch'
  web-console (2.3.0) lib/web_console/middleware.rb:18:in `call'
  actionpack (4.2.0) lib/action_dispatch/middleware/show_exceptions.rb:30:in `call'
  railties (4.2.0) lib/rails/rack/logger.rb:38:in `call_app'
  railties (4.2.0) lib/rails/rack/logger.rb:20:in `block in call'
  activesupport (4.2.0) lib/active_support/tagged_logging.rb:68:in `block in tagged'
  activesupport (4.2.0) lib/active_support/tagged_logging.rb:26:in `tagged'
  activesupport (4.2.0) lib/active_support/tagged_logging.rb:68:in `tagged'
  railties (4.2.0) lib/rails/rack/logger.rb:20:in `call'
  actionpack (4.2.0) lib/action_dispatch/middleware/request_id.rb:21:in `call'
  rack (1.6.8) lib/rack/methodoverride.rb:22:in `call'
  rack (1.6.8) lib/rack/runtime.rb:18:in `call'
  activesupport (4.2.0) lib/active_support/cache/strategy/local_cache_middleware.rb:28:in `call'
  rack (1.6.8) lib/rack/lock.rb:17:in `call'
  actionpack (4.2.0) lib/action_dispatch/middleware/static.rb:113:in `call'
  rack (1.6.8) lib/rack/sendfile.rb:113:in `call'
  railties (4.2.0) lib/rails/engine.rb:518:in `call'
  railties (4.2.0) lib/rails/application.rb:164:in `call'
  rack (1.6.8) lib/rack/lock.rb:17:in `call'
  rack (1.6.8) lib/rack/content_length.rb:15:in `call'
  rack (1.6.8) lib/rack/handler/webrick.rb:88:in `service'
  /Users/Greg/.rbenv/versions/2.2.5/lib/ruby/2.2.0/webrick/httpserver.rb:138:in `service'
  /Users/Greg/.rbenv/versions/2.2.5/lib/ruby/2.2.0/webrick/httpserver.rb:94:in `run'
  /Users/Greg/.rbenv/versions/2.2.5/lib/ruby/2.2.0/webrick/server.rb:294:in `block in start_thread'


  Rendered /Users/Greg/.rbenv/versions/2.2.5/lib/ruby/gems/2.2.0/gems/actionpack-4.2.0/lib/action_dispatch/middleware/templates/rescues/_source.erb (4.8ms)
  Rendered /Users/Greg/.rbenv/versions/2.2.5/lib/ruby/gems/2.2.0/gems/actionpack-4.2.0/lib/action_dispatch/middleware/templates/rescues/_trace.html.erb (2.2ms)
  Rendered /Users/Greg/.rbenv/versions/2.2.5/lib/ruby/gems/2.2.0/gems/actionpack-4.2.0/lib/action_dispatch/middleware/templates/rescues/_request_and_response.html.erb (1.6ms)
  Rendered /Users/Greg/.rbenv/versions/2.2.5/lib/ruby/gems/2.2.0/gems/actionpack-4.2.0/lib/action_dispatch/middleware/templates/rescues/diagnostics.html.erb within rescues/layout (68.7ms)
  Rendered /Users/Greg/.rbenv/versions/2.2.5/lib/ruby/gems/2.2.0/gems/web-console-2.3.0/lib/web_console/templates/_markup.html.erb (0.6ms)
  Rendered /Users/Greg/.rbenv/versions/2.2.5/lib/ruby/gems/2.2.0/gems/web-console-2.3.0/lib/web_console/templates/_inner_console_markup.html.erb within layouts/inlined_string (0.5ms)
  Rendered /Users/Greg/.rbenv/versions/2.2.5/lib/ruby/gems/2.2.0/gems/web-console-2.3.0/lib/web_console/templates/_prompt_box_markup.html.erb within layouts/inlined_string (0.5ms)
  Rendered /Users/Greg/.rbenv/versions/2.2.5/lib/ruby/gems/2.2.0/gems/web-console-2.3.0/lib/web_console/templates/style.css.erb within layouts/inlined_string (0.4ms)
  Rendered /Users/Greg/.rbenv/versions/2.2.5/lib/ruby/gems/2.2.0/gems/web-console-2.3.0/lib/web_console/templates/console.js.erb within layouts/javascript (61.5ms)
  Rendered /Users/Greg/.rbenv/versions/2.2.5/lib/ruby/gems/2.2.0/gems/web-console-2.3.0/lib/web_console/templates/main.js.erb within layouts/javascript (0.6ms)
  Rendered /Users/Greg/.rbenv/versions/2.2.5/lib/ruby/gems/2.2.0/gems/web-console-2.3.0/lib/web_console/templates/error_page.js.erb within layouts/javascript (0.6ms)
  Rendered /Users/Greg/.rbenv/versions/2.2.5/lib/ruby/gems/2.2.0/gems/web-console-2.3.0/lib/web_console/templates/index.html.erb (145.8ms)


Started GET "/" for 127.0.0.1 at 2017-09-03 14:50:39 -0500
Processing by ReservationsController#index as HTML
  [1m[36mReservation Load (0.4ms)[0m  [1mSELECT "reservations".* FROM "reservations"[0m
  [1m[35mCustomer Load (0.2ms)[0m  SELECT  "customers".* FROM "customers" WHERE "customers"."id" = $1 LIMIT 1  [["id", 1]]
  [1m[36mTable Load (0.2ms)[0m  [1mSELECT  "tables".* FROM "tables" WHERE "tables"."id" = $1 LIMIT 1[0m  [["id", 1]]
  Rendered reservations/index.html.erb within layouts/application (4.2ms)
Completed 200 OK in 18ms (Views: 17.3ms | ActiveRecord: 0.7ms)


Started POST "/reservations/new" for 127.0.0.1 at 2017-09-03 14:50:46 -0500
Processing by ReservationsController#create as HTML
  Parameters: {"authenticity_token"=>"h90VuAtk+I/Nj/eQtHMRzMwB7+v8KXV0HtdJvH6UrERMim7pG404+h/GazGlouULvS3sE3MvwMp25HxEobjYEg==", "firstname"=>"asdfasd", "lastname"=>"", "reservationtime"=>""}
Completed 500 Internal Server Error in 6ms

NameError (undefined local variable or method `firstname' for #<ReservationsController:0x007fe32d5406d8>):
  app/controllers/reservations_controller.rb:8:in `create'


  Rendered /Users/Greg/.rbenv/versions/2.2.5/lib/ruby/gems/2.2.0/gems/actionpack-4.2.0/lib/action_dispatch/middleware/templates/rescues/_source.erb (4.7ms)
  Rendered /Users/Greg/.rbenv/versions/2.2.5/lib/ruby/gems/2.2.0/gems/actionpack-4.2.0/lib/action_dispatch/middleware/templates/rescues/_trace.html.erb (2.8ms)
  Rendered /Users/Greg/.rbenv/versions/2.2.5/lib/ruby/gems/2.2.0/gems/actionpack-4.2.0/lib/action_dispatch/middleware/templates/rescues/_request_and_response.html.erb (1.0ms)
  Rendered /Users/Greg/.rbenv/versions/2.2.5/lib/ruby/gems/2.2.0/gems/actionpack-4.2.0/lib/action_dispatch/middleware/templates/rescues/diagnostics.html.erb within rescues/layout (77.9ms)
  Rendered /Users/Greg/.rbenv/versions/2.2.5/lib/ruby/gems/2.2.0/gems/web-console-2.3.0/lib/web_console/templates/_markup.html.erb (0.4ms)
  Rendered /Users/Greg/.rbenv/versions/2.2.5/lib/ruby/gems/2.2.0/gems/web-console-2.3.0/lib/web_console/templates/_inner_console_markup.html.erb within layouts/inlined_string (0.4ms)
  Rendered /Users/Greg/.rbenv/versions/2.2.5/lib/ruby/gems/2.2.0/gems/web-console-2.3.0/lib/web_console/templates/_prompt_box_markup.html.erb within layouts/inlined_string (0.4ms)
  Rendered /Users/Greg/.rbenv/versions/2.2.5/lib/ruby/gems/2.2.0/gems/web-console-2.3.0/lib/web_console/templates/style.css.erb within layouts/inlined_string (0.4ms)
  Rendered /Users/Greg/.rbenv/versions/2.2.5/lib/ruby/gems/2.2.0/gems/web-console-2.3.0/lib/web_console/templates/console.js.erb within layouts/javascript (71.1ms)
  Rendered /Users/Greg/.rbenv/versions/2.2.5/lib/ruby/gems/2.2.0/gems/web-console-2.3.0/lib/web_console/templates/main.js.erb within layouts/javascript (0.3ms)
  Rendered /Users/Greg/.rbenv/versions/2.2.5/lib/ruby/gems/2.2.0/gems/web-console-2.3.0/lib/web_console/templates/error_page.js.erb within layouts/javascript (0.5ms)
  Rendered /Users/Greg/.rbenv/versions/2.2.5/lib/ruby/gems/2.2.0/gems/web-console-2.3.0/lib/web_console/templates/index.html.erb (145.2ms)


Started POST "/reservations/new" for 127.0.0.1 at 2017-09-03 14:51:32 -0500
Processing by ReservationsController#create as HTML
  Parameters: {"authenticity_token"=>"h90VuAtk+I/Nj/eQtHMRzMwB7+v8KXV0HtdJvH6UrERMim7pG404+h/GazGlouULvS3sE3MvwMp25HxEobjYEg==", "firstname"=>"asdfasd", "lastname"=>"", "reservationtime"=>""}
Completed 500 Internal Server Error in 8ms

ActionView::MissingTemplate (Missing template reservations/create, application/create with {:locale=>[:en], :formats=>[:html], :variants=>[], :handlers=>[:erb, :builder, :raw, :ruby, :jbuilder]}. Searched in:
  * "/Users/Greg/Code/coding-challenges/digital-factory/Restaurant-Reservations/app/views"
):
  actionview (4.2.0) lib/action_view/path_set.rb:46:in `find'
  actionview (4.2.0) lib/action_view/lookup_context.rb:121:in `find'
  actionview (4.2.0) lib/action_view/renderer/abstract_renderer.rb:18:in `find_template'
  actionview (4.2.0) lib/action_view/renderer/template_renderer.rb:40:in `determine_template'
  actionview (4.2.0) lib/action_view/renderer/template_renderer.rb:8:in `render'
  actionview (4.2.0) lib/action_view/renderer/renderer.rb:42:in `render_template'
  actionview (4.2.0) lib/action_view/renderer/renderer.rb:23:in `render'
  actionview (4.2.0) lib/action_view/rendering.rb:100:in `_render_template'
  actionpack (4.2.0) lib/action_controller/metal/streaming.rb:217:in `_render_template'
  actionview (4.2.0) lib/action_view/rendering.rb:83:in `render_to_body'
  actionpack (4.2.0) lib/action_controller/metal/rendering.rb:32:in `render_to_body'
  actionpack (4.2.0) lib/action_controller/metal/renderers.rb:37:in `render_to_body'
  actionpack (4.2.0) lib/abstract_controller/rendering.rb:25:in `render'
  actionpack (4.2.0) lib/action_controller/metal/rendering.rb:16:in `render'
  actionpack (4.2.0) lib/action_controller/metal/instrumentation.rb:41:in `block (2 levels) in render'
  activesupport (4.2.0) lib/active_support/core_ext/benchmark.rb:12:in `block in ms'
  /Users/Greg/.rbenv/versions/2.2.5/lib/ruby/2.2.0/benchmark.rb:303:in `realtime'
  activesupport (4.2.0) lib/active_support/core_ext/benchmark.rb:12:in `ms'
  actionpack (4.2.0) lib/action_controller/metal/instrumentation.rb:41:in `block in render'
  actionpack (4.2.0) lib/action_controller/metal/instrumentation.rb:84:in `cleanup_view_runtime'
  activerecord (4.2.0) lib/active_record/railties/controller_runtime.rb:25:in `cleanup_view_runtime'
  actionpack (4.2.0) lib/action_controller/metal/instrumentation.rb:40:in `render'
  actionpack (4.2.0) lib/action_controller/metal/implicit_render.rb:10:in `default_render'
  actionpack (4.2.0) lib/action_controller/metal/implicit_render.rb:5:in `send_action'
  actionpack (4.2.0) lib/abstract_controller/base.rb:198:in `process_action'
  actionpack (4.2.0) lib/action_controller/metal/rendering.rb:10:in `process_action'
  actionpack (4.2.0) lib/abstract_controller/callbacks.rb:20:in `block in process_action'
  activesupport (4.2.0) lib/active_support/callbacks.rb:117:in `call'
  activesupport (4.2.0) lib/active_support/callbacks.rb:117:in `call'
  activesupport (4.2.0) lib/active_support/callbacks.rb:234:in `block in halting'
  activesupport (4.2.0) lib/active_support/callbacks.rb:169:in `call'
  activesupport (4.2.0) lib/active_support/callbacks.rb:169:in `block in halting'
  activesupport (4.2.0) lib/active_support/callbacks.rb:92:in `call'
  activesupport (4.2.0) lib/active_support/callbacks.rb:92:in `_run_callbacks'
  activesupport (4.2.0) lib/active_support/callbacks.rb:734:in `_run_process_action_callbacks'
  activesupport (4.2.0) lib/active_support/callbacks.rb:81:in `run_callbacks'
  actionpack (4.2.0) lib/abstract_controller/callbacks.rb:19:in `process_action'
  actionpack (4.2.0) lib/action_controller/metal/rescue.rb:29:in `process_action'
  actionpack (4.2.0) lib/action_controller/metal/instrumentation.rb:31:in `block in process_action'
  activesupport (4.2.0) lib/active_support/notifications.rb:164:in `block in instrument'
  activesupport (4.2.0) lib/active_support/notifications/instrumenter.rb:20:in `instrument'
  activesupport (4.2.0) lib/active_support/notifications.rb:164:in `instrument'
  actionpack (4.2.0) lib/action_controller/metal/instrumentation.rb:30:in `process_action'
  actionpack (4.2.0) lib/action_controller/metal/params_wrapper.rb:250:in `process_action'
  activerecord (4.2.0) lib/active_record/railties/controller_runtime.rb:18:in `process_action'
  actionpack (4.2.0) lib/abstract_controller/base.rb:137:in `process'
  actionview (4.2.0) lib/action_view/rendering.rb:30:in `process'
  actionpack (4.2.0) lib/action_controller/metal.rb:195:in `dispatch'
  actionpack (4.2.0) lib/action_controller/metal/rack_delegation.rb:13:in `dispatch'
  actionpack (4.2.0) lib/action_controller/metal.rb:236:in `block in action'
  actionpack (4.2.0) lib/action_dispatch/routing/route_set.rb:73:in `call'
  actionpack (4.2.0) lib/action_dispatch/routing/route_set.rb:73:in `dispatch'
  actionpack (4.2.0) lib/action_dispatch/routing/route_set.rb:42:in `serve'
  actionpack (4.2.0) lib/action_dispatch/journey/router.rb:43:in `block in serve'
  actionpack (4.2.0) lib/action_dispatch/journey/router.rb:30:in `each'
  actionpack (4.2.0) lib/action_dispatch/journey/router.rb:30:in `serve'
  actionpack (4.2.0) lib/action_dispatch/routing/route_set.rb:802:in `call'
  rack (1.6.8) lib/rack/etag.rb:24:in `call'
  rack (1.6.8) lib/rack/conditionalget.rb:38:in `call'
  rack (1.6.8) lib/rack/head.rb:13:in `call'
  actionpack (4.2.0) lib/action_dispatch/middleware/params_parser.rb:27:in `call'
  actionpack (4.2.0) lib/action_dispatch/middleware/flash.rb:260:in `call'
  rack (1.6.8) lib/rack/session/abstract/id.rb:225:in `context'
  rack (1.6.8) lib/rack/session/abstract/id.rb:220:in `call'
  actionpack (4.2.0) lib/action_dispatch/middleware/cookies.rb:560:in `call'
  activerecord (4.2.0) lib/active_record/query_cache.rb:36:in `call'
  activerecord (4.2.0) lib/active_record/connection_adapters/abstract/connection_pool.rb:647:in `call'
  activerecord (4.2.0) lib/active_record/migration.rb:378:in `call'
  actionpack (4.2.0) lib/action_dispatch/middleware/callbacks.rb:29:in `block in call'
  activesupport (4.2.0) lib/active_support/callbacks.rb:88:in `call'
  activesupport (4.2.0) lib/active_support/callbacks.rb:88:in `_run_callbacks'
  activesupport (4.2.0) lib/active_support/callbacks.rb:734:in `_run_call_callbacks'
  activesupport (4.2.0) lib/active_support/callbacks.rb:81:in `run_callbacks'
  actionpack (4.2.0) lib/action_dispatch/middleware/callbacks.rb:27:in `call'
  actionpack (4.2.0) lib/action_dispatch/middleware/reloader.rb:73:in `call'
  actionpack (4.2.0) lib/action_dispatch/middleware/remote_ip.rb:78:in `call'
  actionpack (4.2.0) lib/action_dispatch/middleware/debug_exceptions.rb:17:in `call'
  web-console (2.3.0) lib/web_console/middleware.rb:28:in `block in call'
  web-console (2.3.0) lib/web_console/middleware.rb:18:in `catch'
  web-console (2.3.0) lib/web_console/middleware.rb:18:in `call'
  actionpack (4.2.0) lib/action_dispatch/middleware/show_exceptions.rb:30:in `call'
  railties (4.2.0) lib/rails/rack/logger.rb:38:in `call_app'
  railties (4.2.0) lib/rails/rack/logger.rb:20:in `block in call'
  activesupport (4.2.0) lib/active_support/tagged_logging.rb:68:in `block in tagged'
  activesupport (4.2.0) lib/active_support/tagged_logging.rb:26:in `tagged'
  activesupport (4.2.0) lib/active_support/tagged_logging.rb:68:in `tagged'
  railties (4.2.0) lib/rails/rack/logger.rb:20:in `call'
  actionpack (4.2.0) lib/action_dispatch/middleware/request_id.rb:21:in `call'
  rack (1.6.8) lib/rack/methodoverride.rb:22:in `call'
  rack (1.6.8) lib/rack/runtime.rb:18:in `call'
  activesupport (4.2.0) lib/active_support/cache/strategy/local_cache_middleware.rb:28:in `call'
  rack (1.6.8) lib/rack/lock.rb:17:in `call'
  actionpack (4.2.0) lib/action_dispatch/middleware/static.rb:113:in `call'
  rack (1.6.8) lib/rack/sendfile.rb:113:in `call'
  railties (4.2.0) lib/rails/engine.rb:518:in `call'
  railties (4.2.0) lib/rails/application.rb:164:in `call'
  rack (1.6.8) lib/rack/lock.rb:17:in `call'
  rack (1.6.8) lib/rack/content_length.rb:15:in `call'
  rack (1.6.8) lib/rack/handler/webrick.rb:88:in `service'
  /Users/Greg/.rbenv/versions/2.2.5/lib/ruby/2.2.0/webrick/httpserver.rb:138:in `service'
  /Users/Greg/.rbenv/versions/2.2.5/lib/ruby/2.2.0/webrick/httpserver.rb:94:in `run'
  /Users/Greg/.rbenv/versions/2.2.5/lib/ruby/2.2.0/webrick/server.rb:294:in `block in start_thread'


  Rendered /Users/Greg/.rbenv/versions/2.2.5/lib/ruby/gems/2.2.0/gems/actionpack-4.2.0/lib/action_dispatch/middleware/templates/rescues/_source.erb (8.4ms)
  Rendered /Users/Greg/.rbenv/versions/2.2.5/lib/ruby/gems/2.2.0/gems/actionpack-4.2.0/lib/action_dispatch/middleware/templates/rescues/_trace.html.erb (3.1ms)
  Rendered /Users/Greg/.rbenv/versions/2.2.5/lib/ruby/gems/2.2.0/gems/actionpack-4.2.0/lib/action_dispatch/middleware/templates/rescues/_request_and_response.html.erb (1.2ms)
  Rendered /Users/Greg/.rbenv/versions/2.2.5/lib/ruby/gems/2.2.0/gems/actionpack-4.2.0/lib/action_dispatch/middleware/templates/rescues/missing_template.html.erb within rescues/layout (71.6ms)
  Rendered /Users/Greg/.rbenv/versions/2.2.5/lib/ruby/gems/2.2.0/gems/web-console-2.3.0/lib/web_console/templates/_markup.html.erb (0.5ms)
  Rendered /Users/Greg/.rbenv/versions/2.2.5/lib/ruby/gems/2.2.0/gems/web-console-2.3.0/lib/web_console/templates/_inner_console_markup.html.erb within layouts/inlined_string (0.4ms)
  Rendered /Users/Greg/.rbenv/versions/2.2.5/lib/ruby/gems/2.2.0/gems/web-console-2.3.0/lib/web_console/templates/_prompt_box_markup.html.erb within layouts/inlined_string (0.5ms)
  Rendered /Users/Greg/.rbenv/versions/2.2.5/lib/ruby/gems/2.2.0/gems/web-console-2.3.0/lib/web_console/templates/style.css.erb within layouts/inlined_string (0.5ms)
  Rendered /Users/Greg/.rbenv/versions/2.2.5/lib/ruby/gems/2.2.0/gems/web-console-2.3.0/lib/web_console/templates/console.js.erb within layouts/javascript (71.0ms)
  Rendered /Users/Greg/.rbenv/versions/2.2.5/lib/ruby/gems/2.2.0/gems/web-console-2.3.0/lib/web_console/templates/main.js.erb within layouts/javascript (0.4ms)
  Rendered /Users/Greg/.rbenv/versions/2.2.5/lib/ruby/gems/2.2.0/gems/web-console-2.3.0/lib/web_console/templates/error_page.js.erb within layouts/javascript (0.5ms)
  Rendered /Users/Greg/.rbenv/versions/2.2.5/lib/ruby/gems/2.2.0/gems/web-console-2.3.0/lib/web_console/templates/index.html.erb (144.5ms)


Started GET "/" for 127.0.0.1 at 2017-09-03 14:51:51 -0500
Processing by ReservationsController#index as HTML
  [1m[35mReservation Load (0.3ms)[0m  SELECT "reservations".* FROM "reservations"
  [1m[36mCustomer Load (0.2ms)[0m  [1mSELECT  "customers".* FROM "customers" WHERE "customers"."id" = $1 LIMIT 1[0m  [["id", 1]]
  [1m[35mTable Load (0.2ms)[0m  SELECT  "tables".* FROM "tables" WHERE "tables"."id" = $1 LIMIT 1  [["id", 1]]
  Rendered reservations/index.html.erb within layouts/application (30.3ms)
Completed 200 OK in 68ms (Views: 60.4ms | ActiveRecord: 5.3ms)


Started POST "/reservations/new" for 127.0.0.1 at 2017-09-03 14:51:53 -0500
Processing by ReservationsController#create as HTML
  Parameters: {"authenticity_token"=>"qleRXzBDnCEbd2CUZML4pKhoZb6wIPuitt2aq34IznthAOoOIKpcVMk+/DV1Ewxj2URmRj8mThze7q9ToSS6LQ==", "firstname"=>"asdfad", "lastname"=>"", "reservationtime"=>""}
  [1m[36mReservation Load (0.3ms)[0m  [1mSELECT "reservations".* FROM "reservations"[0m
Completed 500 Internal Server Error in 5ms

ActionView::MissingTemplate (Missing partial reservations/_reservation with {:locale=>[:en], :formats=>[:html], :variants=>[], :handlers=>[:erb, :builder, :raw, :ruby, :jbuilder]}. Searched in:
  * "/Users/Greg/Code/coding-challenges/digital-factory/Restaurant-Reservations/app/views"
):
  app/controllers/reservations_controller.rb:9:in `create'


  Rendered /Users/Greg/.rbenv/versions/2.2.5/lib/ruby/gems/2.2.0/gems/actionpack-4.2.0/lib/action_dispatch/middleware/templates/rescues/_source.erb (6.2ms)
  Rendered /Users/Greg/.rbenv/versions/2.2.5/lib/ruby/gems/2.2.0/gems/actionpack-4.2.0/lib/action_dispatch/middleware/templates/rescues/_trace.html.erb (3.1ms)
  Rendered /Users/Greg/.rbenv/versions/2.2.5/lib/ruby/gems/2.2.0/gems/actionpack-4.2.0/lib/action_dispatch/middleware/templates/rescues/_request_and_response.html.erb (1.7ms)
  Rendered /Users/Greg/.rbenv/versions/2.2.5/lib/ruby/gems/2.2.0/gems/actionpack-4.2.0/lib/action_dispatch/middleware/templates/rescues/missing_template.html.erb within rescues/layout (72.0ms)
  Rendered /Users/Greg/.rbenv/versions/2.2.5/lib/ruby/gems/2.2.0/gems/web-console-2.3.0/lib/web_console/templates/_markup.html.erb (0.3ms)
  Rendered /Users/Greg/.rbenv/versions/2.2.5/lib/ruby/gems/2.2.0/gems/web-console-2.3.0/lib/web_console/templates/_inner_console_markup.html.erb within layouts/inlined_string (0.4ms)
  Rendered /Users/Greg/.rbenv/versions/2.2.5/lib/ruby/gems/2.2.0/gems/web-console-2.3.0/lib/web_console/templates/_prompt_box_markup.html.erb within layouts/inlined_string (0.4ms)
  Rendered /Users/Greg/.rbenv/versions/2.2.5/lib/ruby/gems/2.2.0/gems/web-console-2.3.0/lib/web_console/templates/style.css.erb within layouts/inlined_string (0.6ms)
  Rendered /Users/Greg/.rbenv/versions/2.2.5/lib/ruby/gems/2.2.0/gems/web-console-2.3.0/lib/web_console/templates/console.js.erb within layouts/javascript (69.9ms)
  Rendered /Users/Greg/.rbenv/versions/2.2.5/lib/ruby/gems/2.2.0/gems/web-console-2.3.0/lib/web_console/templates/main.js.erb within layouts/javascript (0.4ms)
  Rendered /Users/Greg/.rbenv/versions/2.2.5/lib/ruby/gems/2.2.0/gems/web-console-2.3.0/lib/web_console/templates/error_page.js.erb within layouts/javascript (0.4ms)
  Rendered /Users/Greg/.rbenv/versions/2.2.5/lib/ruby/gems/2.2.0/gems/web-console-2.3.0/lib/web_console/templates/index.html.erb (137.5ms)


Started POST "/reservations/new" for 127.0.0.1 at 2017-09-03 14:52:13 -0500
Processing by ReservationsController#create as HTML
  Parameters: {"authenticity_token"=>"qleRXzBDnCEbd2CUZML4pKhoZb6wIPuitt2aq34IznthAOoOIKpcVMk+/DV1Ewxj2URmRj8mThze7q9ToSS6LQ==", "firstname"=>"asdfad", "lastname"=>"", "reservationtime"=>""}
  Rendered reservations/index.html.erb within layouts/application (2.3ms)
Completed 500 Internal Server Error in 10ms

ActionView::Template::Error (undefined method `each' for nil:NilClass):
     8: </form><br><br>
     9: 
    10: <ul>
    11:   <% @reservations.each do |reserv| %>
    12:     <li><%= reserv.customer.name %></li>
    13:     <li><%= reserv.table.number %></li>
    14:     <li><%= reserv.num_of_seats_reserved %></li>
  app/views/reservations/index.html.erb:11:in `_app_views_reservations_index_html_erb__382548105873119987_70306878376400'
  app/controllers/reservations_controller.rb:9:in `create'


  Rendered /Users/Greg/.rbenv/versions/2.2.5/lib/ruby/gems/2.2.0/gems/actionpack-4.2.0/lib/action_dispatch/middleware/templates/rescues/_source.erb (6.5ms)
  Rendered /Users/Greg/.rbenv/versions/2.2.5/lib/ruby/gems/2.2.0/gems/actionpack-4.2.0/lib/action_dispatch/middleware/templates/rescues/_trace.html.erb (2.8ms)
  Rendered /Users/Greg/.rbenv/versions/2.2.5/lib/ruby/gems/2.2.0/gems/actionpack-4.2.0/lib/action_dispatch/middleware/templates/rescues/_request_and_response.html.erb (1.2ms)
  Rendered /Users/Greg/.rbenv/versions/2.2.5/lib/ruby/gems/2.2.0/gems/actionpack-4.2.0/lib/action_dispatch/middleware/templates/rescues/template_error.html.erb within rescues/layout (64.9ms)
  Rendered /Users/Greg/.rbenv/versions/2.2.5/lib/ruby/gems/2.2.0/gems/web-console-2.3.0/lib/web_console/templates/_markup.html.erb (0.8ms)
  Rendered /Users/Greg/.rbenv/versions/2.2.5/lib/ruby/gems/2.2.0/gems/web-console-2.3.0/lib/web_console/templates/_inner_console_markup.html.erb within layouts/inlined_string (0.5ms)
  Rendered /Users/Greg/.rbenv/versions/2.2.5/lib/ruby/gems/2.2.0/gems/web-console-2.3.0/lib/web_console/templates/_prompt_box_markup.html.erb within layouts/inlined_string (0.3ms)
  Rendered /Users/Greg/.rbenv/versions/2.2.5/lib/ruby/gems/2.2.0/gems/web-console-2.3.0/lib/web_console/templates/style.css.erb within layouts/inlined_string (0.6ms)
  Rendered /Users/Greg/.rbenv/versions/2.2.5/lib/ruby/gems/2.2.0/gems/web-console-2.3.0/lib/web_console/templates/console.js.erb within layouts/javascript (62.2ms)
  Rendered /Users/Greg/.rbenv/versions/2.2.5/lib/ruby/gems/2.2.0/gems/web-console-2.3.0/lib/web_console/templates/main.js.erb within layouts/javascript (0.4ms)
  Rendered /Users/Greg/.rbenv/versions/2.2.5/lib/ruby/gems/2.2.0/gems/web-console-2.3.0/lib/web_console/templates/error_page.js.erb within layouts/javascript (0.4ms)
  Rendered /Users/Greg/.rbenv/versions/2.2.5/lib/ruby/gems/2.2.0/gems/web-console-2.3.0/lib/web_console/templates/index.html.erb (142.8ms)


Started GET "/" for 127.0.0.1 at 2017-09-03 14:53:12 -0500
Processing by ReservationsController#index as HTML
  [1m[35mReservation Load (0.3ms)[0m  SELECT "reservations".* FROM "reservations"
  [1m[36mCustomer Load (0.3ms)[0m  [1mSELECT  "customers".* FROM "customers" WHERE "customers"."id" = $1 LIMIT 1[0m  [["id", 1]]
  [1m[35mTable Load (0.1ms)[0m  SELECT  "tables".* FROM "tables" WHERE "tables"."id" = $1 LIMIT 1  [["id", 1]]
  Rendered reservations/index.html.erb within layouts/application (26.9ms)
Completed 200 OK in 45ms (Views: 37.5ms | ActiveRecord: 4.7ms)


Started POST "/reservations/new" for 127.0.0.1 at 2017-09-03 14:53:15 -0500
Processing by ReservationsController#create as HTML
  Parameters: {"authenticity_token"=>"WQB4RXMzWhHKW0pD25E4/FWv2b0qlER/4kFSSTpXbdeSVwMUY9qaZBgS1uLKQMw7JIPaRaWS8cGKcmex5XsZgQ==", "firstname"=>"asdf", "lastname"=>"", "reservationtime"=>""}
Redirected to 
Completed 500 Internal Server Error in 9ms

NoMethodError (undefined method `index_url' for #<ReservationsController:0x007fe331f72df0>):
  app/controllers/reservations_controller.rb:9:in `create'


  Rendered /Users/Greg/.rbenv/versions/2.2.5/lib/ruby/gems/2.2.0/gems/actionpack-4.2.0/lib/action_dispatch/middleware/templates/rescues/_source.erb (6.0ms)
  Rendered /Users/Greg/.rbenv/versions/2.2.5/lib/ruby/gems/2.2.0/gems/actionpack-4.2.0/lib/action_dispatch/middleware/templates/rescues/_trace.html.erb (14.1ms)
  Rendered /Users/Greg/.rbenv/versions/2.2.5/lib/ruby/gems/2.2.0/gems/actionpack-4.2.0/lib/action_dispatch/middleware/templates/rescues/_request_and_response.html.erb (1.3ms)
  Rendered /Users/Greg/.rbenv/versions/2.2.5/lib/ruby/gems/2.2.0/gems/actionpack-4.2.0/lib/action_dispatch/middleware/templates/rescues/diagnostics.html.erb within rescues/layout (86.1ms)
  Rendered /Users/Greg/.rbenv/versions/2.2.5/lib/ruby/gems/2.2.0/gems/web-console-2.3.0/lib/web_console/templates/_markup.html.erb (0.6ms)
  Rendered /Users/Greg/.rbenv/versions/2.2.5/lib/ruby/gems/2.2.0/gems/web-console-2.3.0/lib/web_console/templates/_inner_console_markup.html.erb within layouts/inlined_string (0.4ms)
  Rendered /Users/Greg/.rbenv/versions/2.2.5/lib/ruby/gems/2.2.0/gems/web-console-2.3.0/lib/web_console/templates/_prompt_box_markup.html.erb within layouts/inlined_string (0.5ms)
  Rendered /Users/Greg/.rbenv/versions/2.2.5/lib/ruby/gems/2.2.0/gems/web-console-2.3.0/lib/web_console/templates/style.css.erb within layouts/inlined_string (0.6ms)
  Rendered /Users/Greg/.rbenv/versions/2.2.5/lib/ruby/gems/2.2.0/gems/web-console-2.3.0/lib/web_console/templates/console.js.erb within layouts/javascript (69.3ms)
  Rendered /Users/Greg/.rbenv/versions/2.2.5/lib/ruby/gems/2.2.0/gems/web-console-2.3.0/lib/web_console/templates/main.js.erb within layouts/javascript (0.4ms)
  Rendered /Users/Greg/.rbenv/versions/2.2.5/lib/ruby/gems/2.2.0/gems/web-console-2.3.0/lib/web_console/templates/error_page.js.erb within layouts/javascript (0.6ms)
  Rendered /Users/Greg/.rbenv/versions/2.2.5/lib/ruby/gems/2.2.0/gems/web-console-2.3.0/lib/web_console/templates/index.html.erb (142.4ms)


Started GET "/" for 127.0.0.1 at 2017-09-03 14:54:33 -0500
Processing by ReservationsController#index as HTML
  [1m[36mReservation Load (0.5ms)[0m  [1mSELECT "reservations".* FROM "reservations"[0m
  [1m[35mCustomer Load (0.2ms)[0m  SELECT  "customers".* FROM "customers" WHERE "customers"."id" = $1 LIMIT 1  [["id", 1]]
  [1m[36mTable Load (0.2ms)[0m  [1mSELECT  "tables".* FROM "tables" WHERE "tables"."id" = $1 LIMIT 1[0m  [["id", 1]]
  Rendered reservations/index.html.erb within layouts/application (26.3ms)
Completed 200 OK in 47ms (Views: 39.1ms | ActiveRecord: 5.2ms)


Started POST "/reservations/new" for 127.0.0.1 at 2017-09-03 14:54:36 -0500
Processing by ReservationsController#create as HTML
  Parameters: {"authenticity_token"=>"00n5NG58fYmpwtTVNngiPb57TEuj2dBWe18VpXYI0YUYHoJlfpW9/HuLSHQnqdb6z1dPsyzfZegTbCBdqSSl0w==", "firstname"=>"asdf", "lastname"=>"", "reservationtime"=>""}
Completed 500 Internal Server Error in 5ms

NameError (undefined local variable or method `reservations' for #<ReservationsController:0x007fe3340319d8>):
  app/controllers/reservations_controller.rb:9:in `create'


  Rendered /Users/Greg/.rbenv/versions/2.2.5/lib/ruby/gems/2.2.0/gems/actionpack-4.2.0/lib/action_dispatch/middleware/templates/rescues/_source.erb (8.1ms)
  Rendered /Users/Greg/.rbenv/versions/2.2.5/lib/ruby/gems/2.2.0/gems/actionpack-4.2.0/lib/action_dispatch/middleware/templates/rescues/_trace.html.erb (2.3ms)
  Rendered /Users/Greg/.rbenv/versions/2.2.5/lib/ruby/gems/2.2.0/gems/actionpack-4.2.0/lib/action_dispatch/middleware/templates/rescues/_request_and_response.html.erb (1.1ms)
  Rendered /Users/Greg/.rbenv/versions/2.2.5/lib/ruby/gems/2.2.0/gems/actionpack-4.2.0/lib/action_dispatch/middleware/templates/rescues/diagnostics.html.erb within rescues/layout (74.9ms)
  Rendered /Users/Greg/.rbenv/versions/2.2.5/lib/ruby/gems/2.2.0/gems/web-console-2.3.0/lib/web_console/templates/_markup.html.erb (0.5ms)
  Rendered /Users/Greg/.rbenv/versions/2.2.5/lib/ruby/gems/2.2.0/gems/web-console-2.3.0/lib/web_console/templates/_inner_console_markup.html.erb within layouts/inlined_string (0.5ms)
  Rendered /Users/Greg/.rbenv/versions/2.2.5/lib/ruby/gems/2.2.0/gems/web-console-2.3.0/lib/web_console/templates/_prompt_box_markup.html.erb within layouts/inlined_string (0.4ms)
  Rendered /Users/Greg/.rbenv/versions/2.2.5/lib/ruby/gems/2.2.0/gems/web-console-2.3.0/lib/web_console/templates/style.css.erb within layouts/inlined_string (0.5ms)
  Rendered /Users/Greg/.rbenv/versions/2.2.5/lib/ruby/gems/2.2.0/gems/web-console-2.3.0/lib/web_console/templates/console.js.erb within layouts/javascript (58.8ms)
  Rendered /Users/Greg/.rbenv/versions/2.2.5/lib/ruby/gems/2.2.0/gems/web-console-2.3.0/lib/web_console/templates/main.js.erb within layouts/javascript (0.4ms)
  Rendered /Users/Greg/.rbenv/versions/2.2.5/lib/ruby/gems/2.2.0/gems/web-console-2.3.0/lib/web_console/templates/error_page.js.erb within layouts/javascript (0.4ms)
  Rendered /Users/Greg/.rbenv/versions/2.2.5/lib/ruby/gems/2.2.0/gems/web-console-2.3.0/lib/web_console/templates/index.html.erb (124.9ms)


Started POST "/reservations/new" for 127.0.0.1 at 2017-09-03 14:55:16 -0500
Processing by ReservationsController#create as HTML
  Parameters: {"authenticity_token"=>"00n5NG58fYmpwtTVNngiPb57TEuj2dBWe18VpXYI0YUYHoJlfpW9/HuLSHQnqdb6z1dPsyzfZegTbCBdqSSl0w==", "firstname"=>"asdf", "lastname"=>"", "reservationtime"=>""}
Completed 500 Internal Server Error in 6ms

NameError (undefined local variable or method `root' for #<ReservationsController:0x007fe32e43e3d8>):
  app/controllers/reservations_controller.rb:9:in `create'


  Rendered /Users/Greg/.rbenv/versions/2.2.5/lib/ruby/gems/2.2.0/gems/actionpack-4.2.0/lib/action_dispatch/middleware/templates/rescues/_source.erb (6.4ms)
  Rendered /Users/Greg/.rbenv/versions/2.2.5/lib/ruby/gems/2.2.0/gems/actionpack-4.2.0/lib/action_dispatch/middleware/templates/rescues/_trace.html.erb (2.5ms)
  Rendered /Users/Greg/.rbenv/versions/2.2.5/lib/ruby/gems/2.2.0/gems/actionpack-4.2.0/lib/action_dispatch/middleware/templates/rescues/_request_and_response.html.erb (1.0ms)
  Rendered /Users/Greg/.rbenv/versions/2.2.5/lib/ruby/gems/2.2.0/gems/actionpack-4.2.0/lib/action_dispatch/middleware/templates/rescues/diagnostics.html.erb within rescues/layout (90.1ms)
  Rendered /Users/Greg/.rbenv/versions/2.2.5/lib/ruby/gems/2.2.0/gems/web-console-2.3.0/lib/web_console/templates/_markup.html.erb (0.4ms)
  Rendered /Users/Greg/.rbenv/versions/2.2.5/lib/ruby/gems/2.2.0/gems/web-console-2.3.0/lib/web_console/templates/_inner_console_markup.html.erb within layouts/inlined_string (0.4ms)
  Rendered /Users/Greg/.rbenv/versions/2.2.5/lib/ruby/gems/2.2.0/gems/web-console-2.3.0/lib/web_console/templates/_prompt_box_markup.html.erb within layouts/inlined_string (0.4ms)
  Rendered /Users/Greg/.rbenv/versions/2.2.5/lib/ruby/gems/2.2.0/gems/web-console-2.3.0/lib/web_console/templates/style.css.erb within layouts/inlined_string (0.4ms)
  Rendered /Users/Greg/.rbenv/versions/2.2.5/lib/ruby/gems/2.2.0/gems/web-console-2.3.0/lib/web_console/templates/console.js.erb within layouts/javascript (71.9ms)
  Rendered /Users/Greg/.rbenv/versions/2.2.5/lib/ruby/gems/2.2.0/gems/web-console-2.3.0/lib/web_console/templates/main.js.erb within layouts/javascript (0.4ms)
  Rendered /Users/Greg/.rbenv/versions/2.2.5/lib/ruby/gems/2.2.0/gems/web-console-2.3.0/lib/web_console/templates/error_page.js.erb within layouts/javascript (0.5ms)
  Rendered /Users/Greg/.rbenv/versions/2.2.5/lib/ruby/gems/2.2.0/gems/web-console-2.3.0/lib/web_console/templates/index.html.erb (151.0ms)


Started GET "/" for 127.0.0.1 at 2017-09-03 14:55:20 -0500
Processing by ReservationsController#index as HTML
  [1m[35mReservation Load (0.4ms)[0m  SELECT "reservations".* FROM "reservations"
  [1m[36mCustomer Load (0.2ms)[0m  [1mSELECT  "customers".* FROM "customers" WHERE "customers"."id" = $1 LIMIT 1[0m  [["id", 1]]
  [1m[35mTable Load (0.2ms)[0m  SELECT  "tables".* FROM "tables" WHERE "tables"."id" = $1 LIMIT 1  [["id", 1]]
  Rendered reservations/index.html.erb within layouts/application (26.9ms)
Completed 200 OK in 48ms (Views: 39.3ms | ActiveRecord: 5.2ms)


Started POST "/reservations/new" for 127.0.0.1 at 2017-09-03 14:55:24 -0500
Processing by ReservationsController#create as HTML
  Parameters: {"authenticity_token"=>"pCs2MEQz5mtzmvoNQDdZCnSAoTJt2f2MSj/qbp18/EtvfE1hVNomHqHTZqxR5q3NBayiyuLfSDIiDN+WQlCIHQ==", "firstname"=>"asdf", "lastname"=>"", "reservationtime"=>""}
Completed 500 Internal Server Error in 6ms

NameError (undefined local variable or method `root' for #<ReservationsController:0x007fe334038508>):
  app/controllers/reservations_controller.rb:9:in `create'


  Rendered /Users/Greg/.rbenv/versions/2.2.5/lib/ruby/gems/2.2.0/gems/actionpack-4.2.0/lib/action_dispatch/middleware/templates/rescues/_source.erb (5.1ms)
  Rendered /Users/Greg/.rbenv/versions/2.2.5/lib/ruby/gems/2.2.0/gems/actionpack-4.2.0/lib/action_dispatch/middleware/templates/rescues/_trace.html.erb (2.4ms)
  Rendered /Users/Greg/.rbenv/versions/2.2.5/lib/ruby/gems/2.2.0/gems/actionpack-4.2.0/lib/action_dispatch/middleware/templates/rescues/_request_and_response.html.erb (1.2ms)
  Rendered /Users/Greg/.rbenv/versions/2.2.5/lib/ruby/gems/2.2.0/gems/actionpack-4.2.0/lib/action_dispatch/middleware/templates/rescues/diagnostics.html.erb within rescues/layout (74.6ms)
  Rendered /Users/Greg/.rbenv/versions/2.2.5/lib/ruby/gems/2.2.0/gems/web-console-2.3.0/lib/web_console/templates/_markup.html.erb (0.6ms)
  Rendered /Users/Greg/.rbenv/versions/2.2.5/lib/ruby/gems/2.2.0/gems/web-console-2.3.0/lib/web_console/templates/_inner_console_markup.html.erb within layouts/inlined_string (0.4ms)
  Rendered /Users/Greg/.rbenv/versions/2.2.5/lib/ruby/gems/2.2.0/gems/web-console-2.3.0/lib/web_console/templates/_prompt_box_markup.html.erb within layouts/inlined_string (0.5ms)
  Rendered /Users/Greg/.rbenv/versions/2.2.5/lib/ruby/gems/2.2.0/gems/web-console-2.3.0/lib/web_console/templates/style.css.erb within layouts/inlined_string (0.7ms)
  Rendered /Users/Greg/.rbenv/versions/2.2.5/lib/ruby/gems/2.2.0/gems/web-console-2.3.0/lib/web_console/templates/console.js.erb within layouts/javascript (64.4ms)
  Rendered /Users/Greg/.rbenv/versions/2.2.5/lib/ruby/gems/2.2.0/gems/web-console-2.3.0/lib/web_console/templates/main.js.erb within layouts/javascript (0.5ms)
  Rendered /Users/Greg/.rbenv/versions/2.2.5/lib/ruby/gems/2.2.0/gems/web-console-2.3.0/lib/web_console/templates/error_page.js.erb within layouts/javascript (0.5ms)
  Rendered /Users/Greg/.rbenv/versions/2.2.5/lib/ruby/gems/2.2.0/gems/web-console-2.3.0/lib/web_console/templates/index.html.erb (136.3ms)


Started POST "/reservations/new" for 127.0.0.1 at 2017-09-03 14:55:50 -0500
Processing by ReservationsController#create as HTML
  Parameters: {"authenticity_token"=>"pCs2MEQz5mtzmvoNQDdZCnSAoTJt2f2MSj/qbp18/EtvfE1hVNomHqHTZqxR5q3NBayiyuLfSDIiDN+WQlCIHQ==", "firstname"=>"asdf", "lastname"=>"", "reservationtime"=>""}
Redirected to http://localhost:3000/
Completed 302 Found in 1ms (ActiveRecord: 0.0ms)


Started GET "/" for 127.0.0.1 at 2017-09-03 14:55:50 -0500
Processing by ReservationsController#index as HTML
  [1m[36mReservation Load (0.4ms)[0m  [1mSELECT "reservations".* FROM "reservations"[0m
  [1m[35mCustomer Load (0.2ms)[0m  SELECT  "customers".* FROM "customers" WHERE "customers"."id" = $1 LIMIT 1  [["id", 1]]
  [1m[36mTable Load (0.2ms)[0m  [1mSELECT  "tables".* FROM "tables" WHERE "tables"."id" = $1 LIMIT 1[0m  [["id", 1]]
  Rendered reservations/index.html.erb within layouts/application (41.2ms)
Completed 200 OK in 65ms (Views: 57.0ms | ActiveRecord: 4.7ms)


Started POST "/reservations/new" for 127.0.0.1 at 2017-09-03 14:55:53 -0500
Processing by ReservationsController#create as HTML
  Parameters: {"authenticity_token"=>"Sq39YozPiOPIsi3gtDM7Zbc7NxjpedqipHw6YaWcdUGB+oYznCZIlhr7sUGl4s+ixhc04GZ/bxzMTw+ZerABFw==", "firstname"=>"asdf", "lastname"=>"", "reservationtime"=>""}
Redirected to http://localhost:3000/
Completed 302 Found in 1ms (ActiveRecord: 0.0ms)


Started GET "/" for 127.0.0.1 at 2017-09-03 14:55:53 -0500
Processing by ReservationsController#index as HTML
  [1m[35mReservation Load (0.3ms)[0m  SELECT "reservations".* FROM "reservations"
  [1m[36mCustomer Load (0.2ms)[0m  [1mSELECT  "customers".* FROM "customers" WHERE "customers"."id" = $1 LIMIT 1[0m  [["id", 1]]
  [1m[35mTable Load (0.2ms)[0m  SELECT  "tables".* FROM "tables" WHERE "tables"."id" = $1 LIMIT 1  [["id", 1]]
  Rendered reservations/index.html.erb within layouts/application (3.6ms)
Completed 200 OK in 18ms (Views: 16.8ms | ActiveRecord: 0.7ms)
